TN:
SF:/Users/gxs/Workspaces/xchanming/cicada/src/Storefront/Resources/app/storefront/src/helper/arrow-navigation.helper.js
FN:17,(anonymous_0)
FN:31,(anonymous_1)
FN:39,(anonymous_2)
FN:48,(anonymous_3)
FN:75,(anonymous_4)
FN:87,(anonymous_5)
FN:107,(anonymous_6)
FN:116,(anonymous_7)
FN:136,(anonymous_8)
FNF:9
FNH:0
FNDA:0,(anonymous_0)
FNDA:0,(anonymous_1)
FNDA:0,(anonymous_2)
FNDA:0,(anonymous_3)
FNDA:0,(anonymous_4)
FNDA:0,(anonymous_5)
FNDA:0,(anonymous_6)
FNDA:0,(anonymous_7)
FNDA:0,(anonymous_8)
DA:4,0
DA:6,0
DA:18,0
DA:19,0
DA:20,0
DA:21,0
DA:23,0
DA:25,0
DA:32,0
DA:40,0
DA:49,0
DA:50,0
DA:52,0
DA:54,0
DA:56,0
DA:58,0
DA:59,0
DA:61,0
DA:62,0
DA:63,0
DA:65,0
DA:66,0
DA:67,0
DA:69,0
DA:72,0
DA:75,0
DA:78,0
DA:89,0
DA:90,0
DA:93,0
DA:94,0
DA:95,0
DA:96,0
DA:108,0
DA:117,0
DA:120,0
DA:121,0
DA:125,0
DA:126,0
DA:137,0
LF:40
LH:0
BRDA:17,0,0,0
BRDA:50,1,0,0
BRDA:50,1,1,0
BRDA:54,2,0,0
BRDA:54,2,1,0
BRDA:56,3,0,0
BRDA:56,3,1,0
BRDA:56,3,2,0
BRDA:56,3,3,0
BRDA:89,4,0,0
BRDA:89,4,1,0
BRDA:120,5,0,0
BRDA:120,5,1,0
BRDA:121,6,0,0
BRDA:121,6,1,0
BRDA:125,7,0,0
BRDA:125,7,1,0
BRDA:126,8,0,0
BRDA:126,8,1,0
BRF:19
BRH:0
end_of_record
TN:
SF:/Users/gxs/Workspaces/xchanming/cicada/src/Storefront/Resources/app/storefront/src/helper/date.helper.js
FN:16,(anonymous_0)
FNF:1
FNH:0
FNDA:0,(anonymous_0)
DA:17,0
DA:18,0
DA:21,0
DA:22,0
DA:23,0
DA:26,0
DA:27,0
DA:32,0
DA:34,0
DA:36,0
LF:10
LH:0
BRDA:16,0,0,0
BRDA:17,1,0,0
BRDA:17,1,1,0
BRDA:22,2,0,0
BRDA:22,2,1,0
BRF:5
BRH:0
end_of_record
TN:
SF:/Users/gxs/Workspaces/xchanming/cicada/src/Storefront/Resources/app/storefront/src/helper/debouncer.helper.js
FN:16,(anonymous_0)
FN:19,(anonymous_1)
FNF:2
FNH:0
FNDA:0,(anonymous_0)
FNDA:0,(anonymous_1)
DA:19,0
DA:20,0
DA:21,0
DA:24,0
DA:25,0
LF:5
LH:0
BRDA:16,0,0,0
BRDA:20,1,0,0
BRDA:20,1,1,0
BRDA:20,2,0,0
BRDA:20,2,1,0
BRF:5
BRH:0
end_of_record
TN:
SF:/Users/gxs/Workspaces/xchanming/cicada/src/Storefront/Resources/app/storefront/src/helper/device-detection.helper.js
FN:10,(anonymous_0)
FN:18,(anonymous_1)
FN:26,(anonymous_2)
FN:34,(anonymous_3)
FN:43,(anonymous_4)
FN:52,(anonymous_5)
FN:61,(anonymous_6)
FN:70,(anonymous_7)
FNF:8
FNH:1
FNDA:2,(anonymous_0)
FNDA:0,(anonymous_1)
FNDA:0,(anonymous_2)
FNDA:0,(anonymous_3)
FNDA:0,(anonymous_4)
FNDA:0,(anonymous_5)
FNDA:0,(anonymous_6)
FNDA:0,(anonymous_7)
DA:11,2
DA:19,0
DA:27,0
DA:35,0
DA:36,0
DA:44,0
DA:45,0
DA:53,0
DA:54,0
DA:62,0
DA:63,0
DA:71,0
LF:12
LH:1
BRDA:19,0,0,0
BRDA:19,0,1,0
BRDA:27,1,0,0
BRDA:27,1,1,0
BRDA:54,2,0,0
BRDA:54,2,1,0
BRF:6
BRH:0
end_of_record
TN:
SF:/Users/gxs/Workspaces/xchanming/cicada/src/Storefront/Resources/app/storefront/src/helper/dom-access.helper.js
FN:14,(anonymous_0)
FN:31,(anonymous_1)
FN:48,(anonymous_2)
FN:72,(anonymous_3)
FN:111,(anonymous_4)
FN:133,(anonymous_5)
FN:156,(anonymous_6)
FN:175,(anonymous_7)
FN:185,(anonymous_8)
FNF:9
FNH:4
FNDA:8,(anonymous_0)
FNDA:0,(anonymous_1)
FNDA:4,(anonymous_2)
FNDA:3,(anonymous_3)
FNDA:2,(anonymous_4)
FNDA:0,(anonymous_5)
FNDA:0,(anonymous_6)
FNDA:0,(anonymous_7)
FNDA:0,(anonymous_8)
DA:15,8
DA:16,0
DA:19,8
DA:20,2
DA:23,6
DA:32,0
DA:33,0
DA:36,0
DA:38,0
DA:49,4
DA:50,0
DA:53,4
DA:54,0
DA:55,0
DA:58,0
DA:61,4
DA:73,3
DA:74,3
DA:75,3
DA:76,0
DA:77,0
DA:80,0
DA:83,3
DA:84,0
DA:85,0
DA:88,0
DA:91,3
DA:93,3
DA:94,3
DA:95,0
DA:98,3
DA:101,0
DA:112,2
DA:113,0
DA:116,2
DA:118,2
DA:119,0
DA:122,2
DA:134,0
DA:135,0
DA:138,0
DA:139,0
DA:140,0
DA:143,0
DA:144,0
DA:147,0
DA:157,0
DA:166,0
DA:176,0
DA:186,0
DA:188,0
LF:51
LH:19
BRDA:15,0,0,0
BRDA:15,0,1,8
BRDA:15,1,0,8
BRDA:15,1,1,8
BRDA:19,2,0,2
BRDA:19,2,1,6
BRDA:19,3,0,8
BRDA:19,3,1,6
BRDA:32,4,0,0
BRDA:32,4,1,0
BRDA:36,5,0,0
BRDA:36,5,1,0
BRDA:48,6,0,0
BRDA:49,7,0,0
BRDA:49,7,1,4
BRDA:49,8,0,4
BRDA:49,8,1,0
BRDA:53,9,0,0
BRDA:53,9,1,4
BRDA:54,10,0,0
BRDA:54,10,1,0
BRDA:72,11,0,0
BRDA:75,12,0,0
BRDA:75,12,1,3
BRDA:76,13,0,0
BRDA:76,13,1,0
BRDA:83,14,0,0
BRDA:83,14,1,3
BRDA:84,15,0,0
BRDA:84,15,1,0
BRDA:93,16,0,3
BRDA:93,16,1,0
BRDA:94,17,0,0
BRDA:94,17,1,3
BRDA:111,18,0,2
BRDA:112,19,0,0
BRDA:112,19,1,2
BRDA:112,20,0,2
BRDA:112,20,1,2
BRDA:116,21,0,2
BRDA:116,21,1,0
BRDA:118,22,0,0
BRDA:118,22,1,2
BRDA:118,23,0,2
BRDA:118,23,1,2
BRDA:133,24,0,0
BRDA:134,25,0,0
BRDA:134,25,1,0
BRDA:134,26,0,0
BRDA:134,26,1,0
BRDA:139,27,0,0
BRDA:139,27,1,0
BRDA:143,28,0,0
BRDA:143,28,1,0
BRDA:143,29,0,0
BRDA:143,29,1,0
BRDA:156,30,0,0
BRDA:175,31,0,0
BRDA:185,32,0,0
BRF:59
BRH:22
end_of_record
TN:
SF:/Users/gxs/Workspaces/xchanming/cicada/src/Storefront/Resources/app/storefront/src/helper/element-replace.helper.js
FN:9,(anonymous_0)
FN:22,(anonymous_1)
FN:44,(anonymous_2)
FN:54,(anonymous_3)
FN:55,(anonymous_4)
FN:66,(anonymous_5)
FN:75,(anonymous_6)
FN:101,(anonymous_7)
FN:102,(anonymous_8)
FN:119,(anonymous_9)
FN:140,(anonymous_10)
FN:153,(anonymous_11)
FNF:12
FNH:0
FNDA:0,(anonymous_0)
FNDA:0,(anonymous_1)
FNDA:0,(anonymous_2)
FNDA:0,(anonymous_3)
FNDA:0,(anonymous_4)
FNDA:0,(anonymous_5)
FNDA:0,(anonymous_6)
FNDA:0,(anonymous_7)
FNDA:0,(anonymous_8)
FNDA:0,(anonymous_9)
FNDA:0,(anonymous_10)
FNDA:0,(anonymous_11)
DA:10,0
DA:23,0
DA:24,0
DA:25,0
DA:28,0
DA:29,0
DA:32,0
DA:45,0
DA:46,0
DA:49,0
DA:50,0
DA:53,0
DA:54,0
DA:55,0
DA:56,0
DA:57,0
DA:62,0
DA:65,0
DA:66,0
DA:67,0
DA:68,0
DA:71,0
DA:74,0
DA:75,0
DA:76,0
DA:77,0
DA:80,0
DA:83,0
DA:84,0
DA:87,0
DA:88,0
DA:102,0
DA:103,0
DA:104,0
DA:106,0
DA:120,0
DA:128,0
DA:141,0
DA:154,0
LF:39
LH:0
BRDA:22,0,0,0
BRDA:24,1,0,0
BRDA:24,1,1,0
BRDA:28,2,0,0
BRDA:28,2,1,0
BRDA:44,3,0,0
BRDA:45,4,0,0
BRDA:45,4,1,0
BRDA:49,5,0,0
BRDA:49,5,1,0
BRDA:53,6,0,0
BRDA:53,6,1,0
BRDA:53,7,0,0
BRDA:53,7,1,0
BRDA:53,7,2,0
BRDA:56,8,0,0
BRDA:56,8,1,0
BRDA:56,9,0,0
BRDA:56,9,1,0
BRDA:65,10,0,0
BRDA:65,10,1,0
BRDA:67,11,0,0
BRDA:67,11,1,0
BRDA:74,12,0,0
BRDA:74,12,1,0
BRDA:76,13,0,0
BRDA:76,13,1,0
BRDA:83,14,0,0
BRDA:83,14,1,0
BRDA:83,15,0,0
BRDA:83,15,1,0
BRDA:83,15,2,0
BRF:32
BRH:0
end_of_record
TN:
SF:/Users/gxs/Workspaces/xchanming/cicada/src/Storefront/Resources/app/storefront/src/helper/emitter.helper.js
FN:38,(anonymous_0)
FN:52,(anonymous_1)
FN:70,(anonymous_2)
FN:78,onceListener
FN:100,(anonymous_4)
FN:102,(anonymous_5)
FN:122,(anonymous_6)
FN:124,(anonymous_7)
FN:133,(anonymous_8)
FN:137,(anonymous_9)
FN:141,(anonymous_10)
FN:145,(anonymous_11)
FNF:12
FNH:3
FNDA:4,(anonymous_0)
FNDA:7,(anonymous_1)
FNDA:0,(anonymous_2)
FNDA:0,onceListener
FNDA:0,(anonymous_4)
FNDA:0,(anonymous_5)
FNDA:0,(anonymous_6)
FNDA:0,(anonymous_7)
FNDA:7,(anonymous_8)
FNDA:0,(anonymous_9)
FNDA:0,(anonymous_10)
FNDA:0,(anonymous_11)
DA:39,4
DA:40,4
DA:41,4
DA:53,7
DA:58,7
DA:60,7
DA:71,0
DA:72,0
DA:73,0
DA:76,0
DA:77,0
DA:78,0
DA:79,0
DA:80,0
DA:84,0
DA:86,0
DA:92,0
DA:101,0
DA:102,0
DA:103,0
DA:105,0
DA:106,0
DA:107,0
DA:110,0
DA:111,0
DA:114,0
DA:124,0
DA:125,0
DA:129,0
DA:130,0
DA:134,7
DA:138,0
DA:142,0
DA:146,0
LF:34
LH:7
BRDA:38,0,0,1
BRDA:52,1,0,7
BRDA:52,2,0,7
BRDA:70,3,0,0
BRDA:73,4,0,0
BRDA:73,4,1,0
BRDA:76,5,0,0
BRDA:76,5,1,0
BRDA:76,6,0,0
BRDA:76,6,1,0
BRDA:105,7,0,0
BRDA:105,7,1,0
BRF:12
BRH:3
end_of_record
TN:
SF:/Users/gxs/Workspaces/xchanming/cicada/src/Storefront/Resources/app/storefront/src/helper/feature.helper.js
FN:6,(anonymous_0)
FN:19,(anonymous_1)
FN:20,(anonymous_2)
FN:32,(anonymous_3)
FN:50,(anonymous_4)
FN:60,(anonymous_5)
FN:71,(anonymous_6)
FNF:7
FNH:3
FNDA:1,(anonymous_0)
FNDA:0,(anonymous_1)
FNDA:0,(anonymous_2)
FNDA:2,(anonymous_3)
FNDA:0,(anonymous_4)
FNDA:0,(anonymous_5)
FNDA:2,(anonymous_6)
DA:7,1
DA:8,1
DA:9,0
DA:20,0
DA:21,0
DA:33,2
DA:35,2
DA:38,0
DA:45,1
DA:51,0
DA:61,0
DA:72,2
LF:12
LH:6
BRDA:8,0,0,0
BRDA:8,0,1,1
BRDA:33,1,0,2
BRDA:33,1,1,0
BRDA:60,2,0,0
BRF:5
BRH:2
end_of_record
TN:
SF:/Users/gxs/Workspaces/xchanming/cicada/src/Storefront/Resources/app/storefront/src/helper/focus-handler.helper.js
FN:9,(anonymous_0)
FN:30,(anonymous_1)
FN:45,(anonymous_2)
FN:69,(anonymous_3)
FN:96,(anonymous_4)
FN:122,(anonymous_5)
FNF:6
FNH:0
FNDA:0,(anonymous_0)
FNDA:0,(anonymous_1)
FNDA:0,(anonymous_2)
FNDA:0,(anonymous_3)
FNDA:0,(anonymous_4)
FNDA:0,(anonymous_5)
DA:12,0
DA:15,0
DA:18,0
DA:31,0
DA:33,0
DA:46,0
DA:49,0
DA:50,0
DA:53,0
DA:55,0
DA:70,0
DA:71,0
DA:72,0
DA:77,0
DA:78,0
DA:79,0
DA:81,0
DA:86,0
DA:97,0
DA:98,0
DA:99,0
DA:100,0
DA:103,0
DA:104,0
DA:105,0
DA:107,0
DA:112,0
DA:123,0
DA:124,0
DA:126,0
DA:127,0
DA:129,0
LF:32
LH:0
BRDA:9,0,0,0
BRDA:9,1,0,0
BRDA:30,2,0,0
BRDA:30,3,0,0
BRDA:45,4,0,0
BRDA:45,5,0,0
BRDA:49,6,0,0
BRDA:49,6,1,0
BRDA:70,7,0,0
BRDA:70,7,1,0
BRDA:70,8,0,0
BRDA:70,8,1,0
BRDA:99,9,0,0
BRDA:99,9,1,0
BRDA:123,10,0,0
BRDA:123,10,1,0
BRF:16
BRH:0
end_of_record
TN:
SF:/Users/gxs/Workspaces/xchanming/cicada/src/Storefront/Resources/app/storefront/src/helper/form-validation.helper.js
FN:79,(anonymous_0)
FN:93,(anonymous_1)
FN:108,(anonymous_2)
FN:134,(anonymous_3)
FN:155,(anonymous_4)
FN:168,(anonymous_5)
FN:181,(anonymous_6)
FN:207,(anonymous_7)
FN:244,(anonymous_8)
FN:275,(anonymous_9)
FN:291,(anonymous_10)
FN:306,(anonymous_11)
FN:333,(anonymous_12)
FN:351,(anonymous_13)
FN:366,(anonymous_14)
FN:380,(anonymous_15)
FN:394,(anonymous_16)
FN:428,(anonymous_17)
FN:454,(anonymous_18)
FN:472,(anonymous_19)
FN:506,(anonymous_20)
FN:514,(anonymous_21)
FN:532,(anonymous_22)
FN:548,(anonymous_23)
FN:558,(anonymous_24)
FNF:25
FNH:0
FNDA:0,(anonymous_0)
FNDA:0,(anonymous_1)
FNDA:0,(anonymous_2)
FNDA:0,(anonymous_3)
FNDA:0,(anonymous_4)
FNDA:0,(anonymous_5)
FNDA:0,(anonymous_6)
FNDA:0,(anonymous_7)
FNDA:0,(anonymous_8)
FNDA:0,(anonymous_9)
FNDA:0,(anonymous_10)
FNDA:0,(anonymous_11)
FNDA:0,(anonymous_12)
FNDA:0,(anonymous_13)
FNDA:0,(anonymous_14)
FNDA:0,(anonymous_15)
FNDA:0,(anonymous_16)
FNDA:0,(anonymous_17)
FNDA:0,(anonymous_18)
FNDA:0,(anonymous_19)
FNDA:0,(anonymous_20)
FNDA:0,(anonymous_21)
FNDA:0,(anonymous_22)
FNDA:0,(anonymous_23)
FNDA:0,(anonymous_24)
DA:41,0
DA:80,0
DA:82,0
DA:83,0
DA:85,0
DA:94,0
DA:95,0
DA:96,0
DA:97,0
DA:109,0
DA:110,0
DA:111,0
DA:114,0
DA:115,0
DA:116,0
DA:119,0
DA:120,0
DA:123,0
DA:124,0
DA:135,0
DA:136,0
DA:137,0
DA:140,0
DA:141,0
DA:142,0
DA:145,0
DA:146,0
DA:156,0
DA:169,0
DA:170,0
DA:171,0
DA:174,0
DA:175,0
DA:177,0
DA:178,0
DA:181,0
DA:182,0
DA:184,0
DA:185,0
DA:189,0
DA:208,0
DA:209,0
DA:210,0
DA:213,0
DA:217,0
DA:219,0
DA:221,0
DA:222,0
DA:223,0
DA:227,0
DA:228,0
DA:229,0
DA:232,0
DA:233,0
DA:237,0
DA:238,0
DA:239,0
DA:242,0
DA:244,0
DA:245,0
DA:247,0
DA:248,0
DA:249,0
DA:252,0
DA:253,0
DA:256,0
DA:259,0
DA:260,0
DA:262,0
DA:265,0
DA:276,0
DA:278,0
DA:279,0
DA:282,0
DA:292,0
DA:294,0
DA:307,0
DA:308,0
DA:309,0
DA:312,0
DA:313,0
DA:314,0
DA:316,0
DA:317,0
DA:318,0
DA:321,0
DA:334,0
DA:335,0
DA:336,0
DA:339,0
DA:340,0
DA:342,0
DA:352,0
DA:353,0
DA:354,0
DA:356,0
DA:367,0
DA:368,0
DA:369,0
DA:371,0
DA:381,0
DA:382,0
DA:383,0
DA:385,0
DA:395,0
DA:396,0
DA:398,0
DA:399,0
DA:401,0
DA:402,0
DA:403,0
DA:404,0
DA:405,0
DA:407,0
DA:411,0
DA:412,0
DA:413,0
DA:416,0
DA:419,0
DA:429,0
DA:430,0
DA:431,0
DA:433,0
DA:434,0
DA:435,0
DA:436,0
DA:439,0
DA:440,0
DA:443,0
DA:455,0
DA:456,0
DA:457,0
DA:460,0
DA:461,0
DA:464,0
DA:466,0
DA:467,0
DA:468,0
DA:471,0
DA:472,0
DA:473,0
DA:475,0
DA:476,0
DA:477,0
DA:480,0
DA:486,0
DA:487,0
DA:489,0
DA:490,0
DA:491,0
DA:492,0
DA:494,0
DA:497,0
DA:507,0
DA:509,0
DA:510,0
DA:513,0
DA:514,0
DA:515,0
DA:517,0
DA:518,0
DA:521,0
DA:522,0
DA:533,0
DA:534,0
DA:537,0
DA:549,0
DA:559,0
LF:168
LH:0
BRDA:109,0,0,0
BRDA:109,0,1,0
BRDA:109,1,0,0
BRDA:109,1,1,0
BRDA:114,2,0,0
BRDA:114,2,1,0
BRDA:119,3,0,0
BRDA:119,3,1,0
BRDA:119,4,0,0
BRDA:119,4,1,0
BRDA:135,5,0,0
BRDA:135,5,1,0
BRDA:135,6,0,0
BRDA:135,6,1,0
BRDA:140,7,0,0
BRDA:140,7,1,0
BRDA:140,8,0,0
BRDA:140,8,1,0
BRDA:169,9,0,0
BRDA:169,9,1,0
BRDA:177,10,0,0
BRDA:177,10,1,0
BRDA:184,11,0,0
BRDA:184,11,1,0
BRDA:184,12,0,0
BRDA:184,12,1,0
BRDA:208,13,0,0
BRDA:208,13,1,0
BRDA:217,14,0,0
BRDA:217,14,1,0
BRDA:217,15,0,0
BRDA:217,15,1,0
BRDA:221,16,0,0
BRDA:221,16,1,0
BRDA:228,17,0,0
BRDA:228,17,1,0
BRDA:232,18,0,0
BRDA:232,18,1,0
BRDA:232,19,0,0
BRDA:232,19,1,0
BRDA:237,20,0,0
BRDA:237,20,1,0
BRDA:247,21,0,0
BRDA:247,21,1,0
BRDA:252,22,0,0
BRDA:252,22,1,0
BRDA:259,23,0,0
BRDA:259,23,1,0
BRDA:278,24,0,0
BRDA:278,24,1,0
BRDA:278,25,0,0
BRDA:278,25,1,0
BRDA:282,26,0,0
BRDA:282,26,1,0
BRDA:282,26,2,0
BRDA:307,27,0,0
BRDA:307,27,1,0
BRDA:316,28,0,0
BRDA:316,28,1,0
BRDA:334,29,0,0
BRDA:334,29,1,0
BRDA:340,30,0,0
BRDA:340,30,1,0
BRDA:398,31,0,0
BRDA:398,31,1,0
BRDA:401,32,0,0
BRDA:401,32,1,0
BRDA:411,33,0,0
BRDA:411,33,1,0
BRDA:412,34,0,0
BRDA:412,34,1,0
BRDA:433,35,0,0
BRDA:433,35,1,0
BRDA:439,36,0,0
BRDA:439,36,1,0
BRDA:455,37,0,0
BRDA:455,37,1,0
BRDA:460,38,0,0
BRDA:460,38,1,0
BRDA:460,39,0,0
BRDA:460,39,1,0
BRDA:466,40,0,0
BRDA:466,40,1,0
BRDA:475,41,0,0
BRDA:475,41,1,0
BRDA:489,42,0,0
BRDA:489,42,1,0
BRDA:489,43,0,0
BRDA:489,43,1,0
BRDA:509,44,0,0
BRDA:509,44,1,0
BRDA:517,45,0,0
BRDA:517,45,1,0
BRDA:533,46,0,0
BRDA:533,46,1,0
BRDA:537,47,0,0
BRDA:537,47,1,0
BRDA:537,47,2,0
BRF:98
BRH:0
end_of_record
TN:
SF:/Users/gxs/Workspaces/xchanming/cicada/src/Storefront/Resources/app/storefront/src/helper/iterator.helper.js
FN:21,(anonymous_0)
FN:46,(anonymous_1)
FNF:2
FNH:1
FNDA:12,(anonymous_0)
FNDA:0,(anonymous_1)
DA:22,12
DA:23,0
DA:26,12
DA:27,0
DA:30,12
DA:31,0
DA:32,0
DA:34,0
DA:37,12
DA:38,12
DA:41,0
DA:42,0
DA:45,0
DA:46,0
DA:47,0
DA:51,0
LF:16
LH:5
BRDA:22,0,0,0
BRDA:22,0,1,12
BRDA:26,1,0,0
BRDA:26,1,1,12
BRDA:30,2,0,0
BRDA:30,2,1,12
BRDA:37,3,0,12
BRDA:37,3,1,0
BRDA:41,4,0,0
BRDA:41,4,1,0
BRDA:45,5,0,0
BRDA:45,5,1,0
BRF:12
BRH:4
end_of_record
TN:
SF:/Users/gxs/Workspaces/xchanming/cicada/src/Storefront/Resources/app/storefront/src/helper/polyfill-loader.helper.js
FNF:0
FNH:0
LF:0
LH:0
BRF:0
BRH:0
end_of_record
TN:
SF:/Users/gxs/Workspaces/xchanming/cicada/src/Storefront/Resources/app/storefront/src/helper/string.helper.js
FN:13,(anonymous_0)
FN:25,(anonymous_1)
FN:36,(anonymous_2)
FN:47,(anonymous_3)
FN:59,(anonymous_4)
FN:65,(anonymous_5)
FN:75,(anonymous_6)
FNF:7
FNH:6
FNDA:15,(anonymous_0)
FNDA:3,(anonymous_1)
FNDA:3,(anonymous_2)
FNDA:3,(anonymous_3)
FNDA:3,(anonymous_4)
FNDA:15,(anonymous_5)
FNDA:0,(anonymous_6)
DA:14,15
DA:26,3
DA:37,3
DA:48,3
DA:49,3
DA:60,3
DA:61,0
DA:64,3
DA:65,15
DA:76,0
DA:79,0
DA:80,0
DA:83,0
DA:86,0
LF:14
LH:8
BRDA:60,0,0,0
BRDA:60,0,1,3
BRDA:79,1,0,0
BRDA:79,1,1,0
BRF:4
BRH:1
end_of_record
TN:
SF:/Users/gxs/Workspaces/xchanming/cicada/src/Storefront/Resources/app/storefront/src/helper/vector.helper.js
FN:1,argsToVector
FN:17,(anonymous_1)
FN:18,(anonymous_2)
FN:27,(anonymous_3)
FN:31,(anonymous_4)
FN:38,(anonymous_5)
FN:39,(anonymous_6)
FN:41,(anonymous_7)
FN:42,(anonymous_8)
FN:44,(anonymous_9)
FN:45,(anonymous_10)
FN:47,(anonymous_11)
FN:48,(anonymous_12)
FN:55,(anonymous_13)
FN:56,(anonymous_14)
FN:68,(anonymous_15)
FN:70,(anonymous_16)
FN:79,(anonymous_17)
FN:82,(anonymous_18)
FN:91,(anonymous_19)
FN:100,(anonymous_20)
FN:110,(anonymous_21)
FN:112,(anonymous_22)
FN:129,(anonymous_23)
FN:139,(anonymous_24)
FN:144,(anonymous_25)
FN:161,(anonymous_26)
FN:164,(anonymous_27)
FN:176,(anonymous_28)
FN:185,(anonymous_29)
FN:203,(anonymous_30)
FN:222,(anonymous_31)
FN:232,(anonymous_32)
FN:246,(anonymous_33)
FN:259,(anonymous_34)
FNF:35
FNH:0
FNDA:0,argsToVector
FNDA:0,(anonymous_1)
FNDA:0,(anonymous_2)
FNDA:0,(anonymous_3)
FNDA:0,(anonymous_4)
FNDA:0,(anonymous_5)
FNDA:0,(anonymous_6)
FNDA:0,(anonymous_7)
FNDA:0,(anonymous_8)
FNDA:0,(anonymous_9)
FNDA:0,(anonymous_10)
FNDA:0,(anonymous_11)
FNDA:0,(anonymous_12)
FNDA:0,(anonymous_13)
FNDA:0,(anonymous_14)
FNDA:0,(anonymous_15)
FNDA:0,(anonymous_16)
FNDA:0,(anonymous_17)
FNDA:0,(anonymous_18)
FNDA:0,(anonymous_19)
FNDA:0,(anonymous_20)
FNDA:0,(anonymous_21)
FNDA:0,(anonymous_22)
FNDA:0,(anonymous_23)
FNDA:0,(anonymous_24)
FNDA:0,(anonymous_25)
FNDA:0,(anonymous_26)
FNDA:0,(anonymous_27)
FNDA:0,(anonymous_28)
FNDA:0,(anonymous_29)
FNDA:0,(anonymous_30)
FNDA:0,(anonymous_31)
FNDA:0,(anonymous_32)
FNDA:0,(anonymous_33)
FNDA:0,(anonymous_34)
DA:2,0
DA:3,0
DA:6,0
DA:7,0
DA:10,0
DA:18,0
DA:19,0
DA:20,0
DA:23,0
DA:28,0
DA:32,0
DA:33,0
DA:38,0
DA:39,0
DA:41,0
DA:42,0
DA:44,0
DA:45,0
DA:47,0
DA:48,0
DA:56,0
DA:57,0
DA:58,0
DA:69,0
DA:70,0
DA:80,0
DA:81,0
DA:82,0
DA:83,0
DA:87,0
DA:88,0
DA:91,0
DA:101,0
DA:111,0
DA:112,0
DA:113,0
DA:117,0
DA:118,0
DA:121,0
DA:130,0
DA:140,0
DA:142,0
DA:143,0
DA:144,0
DA:145,0
DA:146,0
DA:149,0
DA:152,0
DA:162,0
DA:164,0
DA:165,0
DA:166,0
DA:177,0
DA:178,0
DA:181,0
DA:182,0
DA:185,0
DA:186,0
DA:187,0
DA:190,0
DA:191,0
DA:194,0
DA:204,0
DA:205,0
DA:206,0
DA:209,0
DA:210,0
DA:211,0
DA:214,0
DA:223,0
DA:224,0
DA:233,0
DA:234,0
DA:235,0
DA:238,0
DA:239,0
DA:240,0
DA:243,0
DA:247,0
DA:260,0
DA:261,0
DA:262,0
DA:265,0
DA:266,0
DA:267,0
DA:270,0
LF:86
LH:0
BRDA:2,0,0,0
BRDA:2,0,1,0
BRDA:6,1,0,0
BRDA:6,1,1,0
BRDA:19,2,0,0
BRDA:19,2,1,0
BRDA:32,3,0,0
BRDA:32,3,1,0
BRDA:42,4,0,0
BRDA:42,4,1,0
BRDA:45,5,0,0
BRDA:45,5,1,0
BRDA:48,6,0,0
BRDA:48,6,1,0
BRDA:80,7,0,0
BRDA:80,7,1,0
BRDA:87,8,0,0
BRDA:87,8,1,0
BRDA:87,9,0,0
BRDA:87,9,1,0
BRDA:111,10,0,0
BRDA:111,10,1,0
BRDA:117,11,0,0
BRDA:117,11,1,0
BRDA:145,12,0,0
BRDA:145,12,1,0
BRDA:177,13,0,0
BRDA:177,13,1,0
BRDA:181,14,0,0
BRDA:181,14,1,0
BRDA:186,15,0,0
BRDA:186,15,1,0
BRDA:190,16,0,0
BRDA:190,16,1,0
BRDA:204,17,0,0
BRDA:204,17,1,0
BRDA:209,18,0,0
BRDA:209,18,1,0
BRDA:233,19,0,0
BRDA:233,19,1,0
BRDA:238,20,0,0
BRDA:238,20,1,0
BRDA:260,21,0,0
BRDA:260,21,1,0
BRDA:265,22,0,0
BRDA:265,22,1,0
BRF:46
BRH:0
end_of_record
TN:
SF:/Users/gxs/Workspaces/xchanming/cicada/src/Storefront/Resources/app/storefront/src/helper/viewport-detection.helper.js
FN:16,(anonymous_0)
FN:26,(anonymous_1)
FN:46,(anonymous_2)
FN:55,(anonymous_3)
FN:68,(anonymous_4)
FN:91,(anonymous_5)
FN:109,(anonymous_6)
FN:119,(anonymous_7)
FN:127,(anonymous_8)
FN:135,(anonymous_9)
FN:143,(anonymous_10)
FN:151,(anonymous_11)
FN:159,(anonymous_12)
FN:168,(anonymous_13)
FNF:14
FNH:0
FNDA:0,(anonymous_0)
FNDA:0,(anonymous_1)
FNDA:0,(anonymous_2)
FNDA:0,(anonymous_3)
FNDA:0,(anonymous_4)
FNDA:0,(anonymous_5)
FNDA:0,(anonymous_6)
FNDA:0,(anonymous_7)
FNDA:0,(anonymous_8)
FNDA:0,(anonymous_9)
FNDA:0,(anonymous_10)
FNDA:0,(anonymous_11)
FNDA:0,(anonymous_12)
FNDA:0,(anonymous_13)
DA:6,0
DA:17,0
DA:18,0
DA:19,0
DA:28,0
DA:31,0
DA:47,0
DA:56,0
DA:57,0
DA:60,0
DA:70,0
DA:71,0
DA:72,0
DA:73,0
DA:74,0
DA:75,0
DA:76,0
DA:77,0
DA:78,0
DA:79,0
DA:80,0
DA:81,0
DA:93,0
DA:95,0
DA:96,0
DA:97,0
DA:100,0
DA:110,0
DA:120,0
DA:128,0
DA:136,0
DA:144,0
DA:152,0
DA:160,0
DA:169,0
DA:170,0
LF:36
LH:0
BRDA:56,0,0,0
BRDA:56,0,1,0
BRDA:70,1,0,0
BRDA:70,1,1,0
BRDA:72,2,0,0
BRDA:72,2,1,0
BRDA:74,3,0,0
BRDA:74,3,1,0
BRDA:76,4,0,0
BRDA:76,4,1,0
BRDA:78,5,0,0
BRDA:78,5,1,0
BRDA:80,6,0,0
BRDA:80,6,1,0
BRDA:95,7,0,0
BRDA:95,7,1,0
BRF:16
BRH:0
end_of_record
TN:
SF:/Users/gxs/Workspaces/xchanming/cicada/src/Storefront/Resources/app/storefront/src/helper/storage/cookie-storage.helper.js
FN:11,(anonymous_0)
FN:23,(anonymous_1)
FN:46,(anonymous_2)
FN:74,(anonymous_3)
FN:83,(anonymous_4)
FN:92,(anonymous_5)
FNF:6
FNH:0
FNDA:0,(anonymous_0)
FNDA:0,(anonymous_1)
FNDA:0,(anonymous_2)
FNDA:0,(anonymous_3)
FNDA:0,(anonymous_4)
FNDA:0,(anonymous_5)
DA:12,0
DA:24,0
DA:25,0
DA:28,0
DA:29,0
DA:31,0
DA:32,0
DA:33,0
DA:36,0
DA:47,0
DA:48,0
DA:51,0
DA:52,0
DA:54,0
DA:55,0
DA:57,0
DA:58,0
DA:61,0
DA:62,0
DA:66,0
DA:75,0
DA:84,0
LF:22
LH:0
BRDA:24,0,0,0
BRDA:24,0,1,0
BRDA:24,1,0,0
BRDA:24,1,1,0
BRDA:32,2,0,0
BRDA:32,2,1,0
BRDA:47,3,0,0
BRDA:47,3,1,0
BRDA:61,4,0,0
BRDA:61,4,1,0
BRF:10
BRH:0
end_of_record
TN:
SF:/Users/gxs/Workspaces/xchanming/cicada/src/Storefront/Resources/app/storefront/src/helper/storage/memory-storage.helper.js
FN:8,(anonymous_0)
FN:18,(anonymous_1)
FN:27,(anonymous_2)
FN:36,(anonymous_3)
FN:45,(anonymous_4)
FN:52,(anonymous_5)
FNF:6
FNH:0
FNDA:0,(anonymous_0)
FNDA:0,(anonymous_1)
FNDA:0,(anonymous_2)
FNDA:0,(anonymous_3)
FNDA:0,(anonymous_4)
FNDA:0,(anonymous_5)
DA:9,0
DA:19,0
DA:28,0
DA:37,0
DA:46,0
DA:53,0
LF:6
LH:0
BRDA:28,0,0,0
BRDA:28,0,1,0
BRDA:46,1,0,0
BRDA:46,1,1,0
BRF:4
BRH:0
end_of_record
TN:
SF:/Users/gxs/Workspaces/xchanming/cicada/src/Storefront/Resources/app/storefront/src/helper/storage/storage.helper.js
FN:9,(anonymous_0)
FN:21,(anonymous_1)
FN:44,(anonymous_2)
FN:62,(anonymous_3)
FN:85,(anonymous_4)
FNF:5
FNH:0
FNDA:0,(anonymous_0)
FNDA:0,(anonymous_1)
FNDA:0,(anonymous_2)
FNDA:0,(anonymous_3)
FNDA:0,(anonymous_4)
DA:10,0
DA:11,0
DA:12,0
DA:22,0
DA:23,0
DA:26,0
DA:27,0
DA:30,0
DA:31,0
DA:34,0
DA:45,0
DA:46,0
DA:47,0
DA:48,0
DA:50,0
DA:52,0
DA:63,0
DA:64,0
DA:66,0
DA:67,0
DA:69,0
DA:70,0
DA:72,0
DA:73,0
DA:75,0
DA:76,0
DA:86,0
DA:94,0
LF:28
LH:0
BRDA:22,0,0,0
BRDA:22,0,1,0
BRDA:26,1,0,0
BRDA:26,1,1,0
BRDA:30,2,0,0
BRDA:30,2,1,0
BRDA:63,3,0,0
BRDA:63,3,1,0
BRDA:66,4,0,0
BRDA:66,4,1,0
BRDA:69,5,0,0
BRDA:69,5,1,0
BRDA:72,6,0,0
BRDA:72,6,1,0
BRDA:75,7,0,0
BRDA:75,7,1,0
BRF:16
BRH:0
end_of_record
TN:
SF:/Users/gxs/Workspaces/xchanming/cicada/src/Storefront/Resources/app/storefront/src/plugin-system/plugin.class.js
FN:18,(anonymous_0)
FN:36,(anonymous_1)
FN:43,(anonymous_2)
FN:54,(anonymous_3)
FN:68,(anonymous_4)
FN:81,(anonymous_5)
FN:109,(anonymous_6)
FN:112,(anonymous_7)
FN:121,(anonymous_8)
FN:137,(anonymous_9)
FNF:10
FNH:7
FNDA:3,(anonymous_0)
FNDA:0,(anonymous_1)
FNDA:0,(anonymous_2)
FNDA:3,(anonymous_3)
FNDA:0,(anonymous_4)
FNDA:3,(anonymous_5)
FNDA:9,(anonymous_6)
FNDA:6,(anonymous_7)
FNDA:3,(anonymous_8)
FNDA:3,(anonymous_9)
DA:19,3
DA:20,0
DA:23,3
DA:24,3
DA:25,3
DA:26,3
DA:27,3
DA:29,3
DA:30,3
DA:37,0
DA:55,3
DA:57,3
DA:58,3
DA:69,0
DA:71,0
DA:82,3
DA:83,3
DA:84,3
DA:90,3
DA:97,3
DA:99,3
DA:100,3
DA:102,0
DA:103,0
DA:108,3
DA:110,9
DA:112,6
DA:122,3
DA:123,3
DA:125,3
DA:126,3
DA:138,3
DA:140,3
LF:33
LH:27
BRDA:18,0,0,3
BRDA:18,1,0,3
BRDA:19,2,0,0
BRDA:19,2,1,3
BRDA:55,3,0,0
BRDA:55,3,1,3
BRDA:69,4,0,0
BRDA:69,4,1,0
BRDA:97,5,0,0
BRDA:97,5,1,3
BRDA:100,6,0,0
BRDA:100,6,1,3
BRDA:110,7,0,9
BRDA:110,7,1,6
BRDA:112,8,0,6
BRDA:112,8,1,0
BRDA:138,9,0,3
BRDA:138,9,1,0
BRF:18
BRH:10
end_of_record
TN:
SF:/Users/gxs/Workspaces/xchanming/cicada/src/Storefront/Resources/app/storefront/src/plugin-system/plugin.config.manager.js
FN:8,(anonymous_0)
FN:21,(anonymous_1)
FN:35,(anonymous_2)
FN:47,(anonymous_3)
FN:56,(anonymous_4)
FN:79,(anonymous_5)
FN:93,(anonymous_6)
FN:105,(anonymous_7)
FN:114,(anonymous_8)
FNF:9
FNH:0
FNDA:0,(anonymous_0)
FNDA:0,(anonymous_1)
FNDA:0,(anonymous_2)
FNDA:0,(anonymous_3)
FNDA:0,(anonymous_4)
FNDA:0,(anonymous_5)
FNDA:0,(anonymous_6)
FNDA:0,(anonymous_7)
FNDA:0,(anonymous_8)
DA:9,0
DA:22,0
DA:36,0
DA:48,0
DA:57,0
DA:66,0
DA:80,0
DA:94,0
DA:106,0
DA:115,0
DA:120,0
LF:11
LH:0
BRDA:21,0,0,0
BRDA:79,1,0,0
BRF:2
BRH:0
end_of_record
TN:
SF:/Users/gxs/Workspaces/xchanming/cicada/src/Storefront/Resources/app/storefront/src/plugin-system/plugin.config.registry.js
FN:10,(anonymous_0)
FN:23,(anonymous_1)
FN:36,(anonymous_2)
FN:55,(anonymous_3)
FN:67,(anonymous_4)
FN:82,(anonymous_5)
FNF:6
FNH:0
FNDA:0,(anonymous_0)
FNDA:0,(anonymous_1)
FNDA:0,(anonymous_2)
FNDA:0,(anonymous_3)
FNDA:0,(anonymous_4)
FNDA:0,(anonymous_5)
DA:11,0
DA:24,0
DA:25,0
DA:37,0
DA:38,0
DA:39,0
DA:40,0
DA:41,0
DA:44,0
DA:56,0
DA:57,0
DA:59,0
DA:68,0
DA:70,0
DA:83,0
DA:84,0
DA:86,0
DA:87,0
DA:90,0
LF:19
LH:0
BRDA:36,0,0,0
BRDA:38,1,0,0
BRDA:38,1,1,0
BRDA:38,2,0,0
BRDA:38,2,1,0
BRDA:40,3,0,0
BRDA:40,3,1,0
BRDA:83,4,0,0
BRDA:83,4,1,0
BRDA:86,5,0,0
BRDA:86,5,1,0
BRF:11
BRH:0
end_of_record
TN:
SF:/Users/gxs/Workspaces/xchanming/cicada/src/Storefront/Resources/app/storefront/src/plugin-system/plugin.manager.js
FN:62,(anonymous_0)
FN:76,(anonymous_1)
FN:97,(anonymous_2)
FN:117,(anonymous_3)
FN:133,(anonymous_4)
FN:145,(anonymous_5)
FN:167,(anonymous_6)
FN:181,(anonymous_7)
FN:194,(anonymous_8)
FN:209,(anonymous_9)
FN:234,(anonymous_10)
FN:247,(anonymous_11)
FN:305,(anonymous_12)
FN:313,(anonymous_13)
FN:329,(anonymous_14)
FN:363,(anonymous_15)
FN:398,(anonymous_16)
FN:407,(anonymous_17)
FN:436,(anonymous_18)
FN:465,(anonymous_19)
FN:490,(anonymous_20)
FN:521,(anonymous_21)
FN:535,(anonymous_22)
FN:547,(anonymous_23)
FN:563,(anonymous_24)
FN:567,(anonymous_25)
FN:576,(anonymous_26)
FN:585,(anonymous_27)
FN:596,(anonymous_28)
FN:608,(anonymous_29)
FN:619,(anonymous_30)
FN:628,(anonymous_31)
FN:640,(anonymous_32)
FNF:33
FNH:0
FNDA:0,(anonymous_0)
FNDA:0,(anonymous_1)
FNDA:0,(anonymous_2)
FNDA:0,(anonymous_3)
FNDA:0,(anonymous_4)
FNDA:0,(anonymous_5)
FNDA:0,(anonymous_6)
FNDA:0,(anonymous_7)
FNDA:0,(anonymous_8)
FNDA:0,(anonymous_9)
FNDA:0,(anonymous_10)
FNDA:0,(anonymous_11)
FNDA:0,(anonymous_12)
FNDA:0,(anonymous_13)
FNDA:0,(anonymous_14)
FNDA:0,(anonymous_15)
FNDA:0,(anonymous_16)
FNDA:0,(anonymous_17)
FNDA:0,(anonymous_18)
FNDA:0,(anonymous_19)
FNDA:0,(anonymous_20)
FNDA:0,(anonymous_21)
FNDA:0,(anonymous_22)
FNDA:0,(anonymous_23)
FNDA:0,(anonymous_24)
FNDA:0,(anonymous_25)
FNDA:0,(anonymous_26)
FNDA:0,(anonymous_27)
FNDA:0,(anonymous_28)
FNDA:0,(anonymous_29)
FNDA:0,(anonymous_30)
FNDA:0,(anonymous_31)
FNDA:0,(anonymous_32)
DA:63,0
DA:77,0
DA:78,0
DA:82,0
DA:83,0
DA:86,0
DA:98,0
DA:99,0
DA:102,0
DA:120,0
DA:121,0
DA:122,0
DA:125,0
DA:134,0
DA:146,0
DA:147,0
DA:150,0
DA:151,0
DA:152,0
DA:154,0
DA:158,0
DA:168,0
DA:170,0
DA:182,0
DA:184,0
DA:195,0
DA:196,0
DA:199,0
DA:201,0
DA:210,0
DA:212,0
DA:214,0
DA:215,0
DA:216,0
DA:217,0
DA:220,0
DA:222,0
DA:223,0
DA:224,0
DA:225,0
DA:227,0
DA:234,0
DA:235,0
DA:238,0
DA:253,0
DA:260,0
DA:262,0
DA:263,0
DA:264,0
DA:267,0
DA:268,0
DA:271,0
DA:273,0
DA:274,0
DA:277,0
DA:278,0
DA:279,0
DA:282,0
DA:284,0
DA:285,0
DA:286,0
DA:289,0
DA:290,0
DA:293,0
DA:294,0
DA:299,0
DA:300,0
DA:304,0
DA:305,0
DA:306,0
DA:309,0
DA:313,0
DA:314,0
DA:315,0
DA:316,0
DA:318,0
DA:319,0
DA:330,0
DA:331,0
DA:334,0
DA:335,0
DA:336,0
DA:339,0
DA:340,0
DA:341,0
DA:344,0
DA:345,0
DA:348,0
DA:349,0
DA:350,0
DA:352,0
DA:353,0
DA:368,0
DA:369,0
DA:370,0
DA:371,0
DA:372,0
DA:373,0
DA:375,0
DA:376,0
DA:377,0
DA:378,0
DA:381,0
DA:382,0
DA:384,0
DA:387,0
DA:399,0
DA:400,0
DA:403,0
DA:404,0
DA:407,0
DA:408,0
DA:437,0
DA:438,0
DA:439,0
DA:440,0
DA:442,0
DA:443,0
DA:444,0
DA:445,0
DA:447,0
DA:449,0
DA:450,0
DA:453,0
DA:466,0
DA:467,0
DA:470,0
DA:471,0
DA:472,0
DA:475,0
DA:491,0
DA:492,0
DA:496,0
DA:497,0
DA:498,0
DA:505,0
DA:506,0
DA:508,0
DA:517,0
DA:522,0
DA:536,0
DA:548,0
DA:564,0
DA:568,0
DA:577,0
DA:586,0
DA:597,0
DA:609,0
DA:620,0
DA:629,0
DA:641,0
DA:645,0
DA:646,0
LF:153
LH:0
BRDA:76,0,0,0
BRDA:76,1,0,0
BRDA:77,2,0,0
BRDA:77,2,1,0
BRDA:82,3,0,0
BRDA:82,3,1,0
BRDA:97,4,0,0
BRDA:98,5,0,0
BRDA:98,5,1,0
BRDA:117,6,0,0
BRDA:117,7,0,0
BRDA:120,8,0,0
BRDA:120,8,1,0
BRDA:145,9,0,0
BRDA:146,10,0,0
BRDA:146,10,1,0
BRDA:150,11,0,0
BRDA:150,11,1,0
BRDA:151,12,0,0
BRDA:151,12,1,0
BRDA:195,13,0,0
BRDA:195,13,1,0
BRDA:199,14,0,0
BRDA:199,14,1,0
BRDA:215,15,0,0
BRDA:215,15,1,0
BRDA:216,16,0,0
BRDA:216,16,1,0
BRDA:222,17,0,0
BRDA:222,17,1,0
BRDA:263,18,0,0
BRDA:263,18,1,0
BRDA:267,19,0,0
BRDA:267,19,1,0
BRDA:273,20,0,0
BRDA:273,20,1,0
BRDA:278,21,0,0
BRDA:278,21,1,0
BRDA:284,22,0,0
BRDA:284,22,1,0
BRDA:289,23,0,0
BRDA:289,23,1,0
BRDA:293,24,0,0
BRDA:293,24,1,0
BRDA:299,25,0,0
BRDA:299,25,1,0
BRDA:330,26,0,0
BRDA:330,26,1,0
BRDA:335,27,0,0
BRDA:335,27,1,0
BRDA:339,28,0,0
BRDA:339,28,1,0
BRDA:344,29,0,0
BRDA:344,29,1,0
BRDA:368,30,0,0
BRDA:368,30,1,0
BRDA:373,31,0,0
BRDA:373,31,1,0
BRDA:373,32,0,0
BRDA:373,32,1,0
BRDA:373,33,0,0
BRDA:373,33,1,0
BRDA:378,34,0,0
BRDA:378,34,1,0
BRDA:378,35,0,0
BRDA:378,35,1,0
BRDA:398,36,0,0
BRDA:399,37,0,0
BRDA:399,37,1,0
BRDA:403,38,0,0
BRDA:403,38,1,0
BRDA:437,39,0,0
BRDA:437,39,1,0
BRDA:439,40,0,0
BRDA:439,40,1,0
BRDA:442,41,0,0
BRDA:442,41,1,0
BRDA:444,42,0,0
BRDA:444,42,1,0
BRDA:447,43,0,0
BRDA:447,43,1,0
BRDA:449,44,0,0
BRDA:449,44,1,0
BRDA:466,45,0,0
BRDA:466,45,1,0
BRDA:471,46,0,0
BRDA:471,46,1,0
BRDA:490,47,0,0
BRDA:491,48,0,0
BRDA:491,48,1,0
BRDA:498,49,0,0
BRDA:498,49,1,0
BRDA:498,50,0,0
BRDA:498,50,1,0
BRDA:535,51,0,0
BRDA:535,52,0,0
BRDA:563,53,0,0
BRDA:567,54,0,0
BRF:98
BRH:0
end_of_record
TN:
SF:/Users/gxs/Workspaces/xchanming/cicada/src/Storefront/Resources/app/storefront/src/plugin-system/plugin.registry.js
FN:9,(anonymous_0)
FN:21,(anonymous_1)
FN:47,(anonymous_2)
FN:74,(anonymous_3)
FN:86,(anonymous_4)
FN:107,(anonymous_5)
FN:118,(anonymous_6)
FN:119,(anonymous_7)
FNF:8
FNH:0
FNDA:0,(anonymous_0)
FNDA:0,(anonymous_1)
FNDA:0,(anonymous_2)
FNDA:0,(anonymous_3)
FNDA:0,(anonymous_4)
FNDA:0,(anonymous_5)
FNDA:0,(anonymous_6)
FNDA:0,(anonymous_7)
DA:10,0
DA:22,0
DA:23,0
DA:26,0
DA:27,0
DA:30,0
DA:31,0
DA:33,0
DA:48,0
DA:49,0
DA:50,0
DA:51,0
DA:53,0
DA:54,0
DA:57,0
DA:58,0
DA:59,0
DA:60,0
DA:61,0
DA:64,0
DA:75,0
DA:87,0
DA:88,0
DA:91,0
DA:92,0
DA:94,0
DA:95,0
DA:97,0
DA:99,0
DA:108,0
DA:110,0
DA:119,0
DA:120,0
DA:121,0
DA:122,0
LF:35
LH:0
BRDA:22,0,0,0
BRDA:22,0,1,0
BRDA:26,1,0,0
BRDA:26,1,1,0
BRDA:31,2,0,0
BRDA:31,2,1,0
BRDA:47,3,0,0
BRDA:48,4,0,0
BRDA:48,4,1,0
BRDA:53,5,0,0
BRDA:53,5,1,0
BRDA:57,6,0,0
BRDA:57,6,1,0
BRDA:58,7,0,0
BRDA:58,7,1,0
BRDA:60,8,0,0
BRDA:60,8,1,0
BRDA:87,9,0,0
BRDA:87,9,1,0
BRDA:92,10,0,0
BRDA:92,10,1,0
BRDA:95,11,0,0
BRDA:95,11,1,0
BRF:23
BRH:0
end_of_record
TN:
SF:/Users/gxs/Workspaces/xchanming/cicada/src/Storefront/Resources/app/storefront/src/plugin/add-to-cart/add-to-cart.plugin.js
FN:21,(anonymous_0)
FN:40,(anonymous_1)
FN:58,(anonymous_2)
FN:66,(anonymous_3)
FN:77,(anonymous_4)
FN:94,(anonymous_5)
FN:96,(anonymous_6)
FN:106,(anonymous_7)
FN:107,(anonymous_8)
FNF:9
FNH:0
FNDA:0,(anonymous_0)
FNDA:0,(anonymous_1)
FNDA:0,(anonymous_2)
FNDA:0,(anonymous_3)
FNDA:0,(anonymous_4)
FNDA:0,(anonymous_5)
FNDA:0,(anonymous_6)
FNDA:0,(anonymous_7)
FNDA:0,(anonymous_8)
DA:15,0
DA:22,0
DA:24,0
DA:25,0
DA:28,0
DA:30,0
DA:41,0
DA:42,0
DA:43,0
DA:45,0
DA:46,0
DA:59,0
DA:60,0
DA:62,0
DA:67,0
DA:78,0
DA:80,0
DA:81,0
DA:83,0
DA:85,0
DA:95,0
DA:96,0
DA:107,0
DA:108,0
LF:24
LH:0
BRDA:24,0,0,0
BRDA:24,0,1,0
BRDA:59,1,0,0
BRDA:59,1,1,0
BRDA:59,2,0,0
BRDA:59,2,1,0
BRF:6
BRH:0
end_of_record
TN:
SF:/Users/gxs/Workspaces/xchanming/cicada/src/Storefront/Resources/app/storefront/src/plugin/address-editor/address-editor.plugin.js
FN:26,(anonymous_0)
FN:40,(anonymous_1)
FN:54,(anonymous_2)
FN:69,(anonymous_3)
FN:79,(anonymous_4)
FN:99,(anonymous_5)
FN:108,(anonymous_6)
FN:122,(anonymous_7)
FN:129,(anonymous_8)
FN:144,(anonymous_9)
FN:159,(anonymous_10)
FN:165,(anonymous_11)
FN:171,(anonymous_12)
FN:191,(anonymous_13)
FN:196,(anonymous_14)
FN:202,(anonymous_15)
FNF:16
FNH:0
FNDA:0,(anonymous_0)
FNDA:0,(anonymous_1)
FNDA:0,(anonymous_2)
FNDA:0,(anonymous_3)
FNDA:0,(anonymous_4)
FNDA:0,(anonymous_5)
FNDA:0,(anonymous_6)
FNDA:0,(anonymous_7)
FNDA:0,(anonymous_8)
FNDA:0,(anonymous_9)
FNDA:0,(anonymous_10)
FNDA:0,(anonymous_11)
FNDA:0,(anonymous_12)
FNDA:0,(anonymous_13)
FNDA:0,(anonymous_14)
FNDA:0,(anonymous_15)
DA:17,0
DA:27,0
DA:28,0
DA:31,0
DA:32,0
DA:41,0
DA:43,0
DA:44,0
DA:55,0
DA:57,0
DA:58,0
DA:59,0
DA:61,0
DA:64,0
DA:66,0
DA:68,0
DA:69,0
DA:80,0
DA:88,0
DA:100,0
DA:102,0
DA:104,0
DA:106,0
DA:108,0
DA:109,0
DA:112,0
DA:123,0
DA:124,0
DA:126,0
DA:129,0
DA:130,0
DA:133,0
DA:145,0
DA:146,0
DA:148,0
DA:160,0
DA:162,0
DA:164,0
DA:165,0
DA:166,0
DA:167,0
DA:168,0
DA:169,0
DA:171,0
DA:172,0
DA:174,0
DA:179,0
DA:192,0
DA:193,0
DA:195,0
DA:196,0
DA:199,0
DA:201,0
DA:202,0
DA:203,0
DA:205,0
DA:211,0
DA:212,0
DA:215,0
DA:216,0
DA:217,0
DA:218,0
DA:224,0
DA:225,0
DA:226,0
DA:227,0
DA:229,0
DA:236,0
LF:68
LH:0
BRDA:27,0,0,0
BRDA:27,0,1,0
BRDA:27,1,0,0
BRDA:27,1,1,0
BRDA:164,2,0,0
BRDA:164,2,1,0
BRDA:195,3,0,0
BRDA:195,3,1,0
BRDA:201,4,0,0
BRDA:201,4,1,0
BRDA:211,5,0,0
BRDA:211,5,1,0
BRDA:216,6,0,0
BRDA:216,6,1,0
BRDA:224,7,0,0
BRDA:224,7,1,0
BRF:16
BRH:0
end_of_record
TN:
SF:/Users/gxs/Workspaces/xchanming/cicada/src/Storefront/Resources/app/storefront/src/plugin/ajax-modal/ajax-modal.plugin.js
FN:38,(anonymous_0)
FN:46,(anonymous_1)
FN:58,(anonymous_2)
FN:70,(anonymous_3)
FN:87,(anonymous_4)
FN:100,(anonymous_5)
FN:108,(anonymous_6)
FN:123,(anonymous_7)
FN:139,(anonymous_8)
FN:171,(anonymous_9)
FNF:10
FNH:0
FNDA:0,(anonymous_0)
FNDA:0,(anonymous_1)
FNDA:0,(anonymous_2)
FNDA:0,(anonymous_3)
FNDA:0,(anonymous_4)
FNDA:0,(anonymous_5)
FNDA:0,(anonymous_6)
FNDA:0,(anonymous_7)
FNDA:0,(anonymous_8)
FNDA:0,(anonymous_9)
DA:7,0
DA:22,0
DA:36,0
DA:39,0
DA:47,0
DA:48,0
DA:59,0
DA:60,0
DA:61,0
DA:64,0
DA:66,0
DA:68,0
DA:70,0
DA:71,0
DA:74,0
DA:75,0
DA:77,0
DA:88,0
DA:89,0
DA:101,0
DA:102,0
DA:104,0
DA:106,0
DA:108,0
DA:109,0
DA:124,0
DA:125,0
DA:126,0
DA:127,0
DA:140,0
DA:142,0
DA:143,0
DA:146,0
DA:147,0
DA:148,0
DA:151,0
DA:152,0
DA:153,0
DA:156,0
DA:157,0
DA:158,0
DA:160,0
DA:161,0
DA:172,0
DA:173,0
DA:174,0
DA:175,0
LF:47
LH:0
BRDA:59,0,0,0
BRDA:59,0,1,0
BRDA:142,1,0,0
BRDA:142,1,1,0
BRDA:147,2,0,0
BRDA:147,2,1,0
BRDA:152,3,0,0
BRDA:152,3,1,0
BRF:8
BRH:0
end_of_record
TN:
SF:/Users/gxs/Workspaces/xchanming/cicada/src/Storefront/Resources/app/storefront/src/plugin/buy-box/buy-box.plugin.js
FN:23,(anonymous_0)
FN:33,(anonymous_1)
FN:42,(anonymous_2)
FN:49,(anonymous_3)
FN:64,(anonymous_4)
FN:76,(anonymous_5)
FN:81,(anonymous_6)
FN:94,(anonymous_7)
FNF:8
FNH:0
FNDA:0,(anonymous_0)
FNDA:0,(anonymous_1)
FNDA:0,(anonymous_2)
FNDA:0,(anonymous_3)
FNDA:0,(anonymous_4)
FNDA:0,(anonymous_5)
FNDA:0,(anonymous_6)
FNDA:0,(anonymous_7)
DA:11,0
DA:24,0
DA:25,0
DA:34,0
DA:43,0
DA:44,0
DA:47,0
DA:49,0
DA:50,0
DA:51,0
DA:53,0
DA:55,0
DA:65,0
DA:66,0
DA:77,0
DA:78,0
DA:80,0
DA:81,0
DA:82,0
DA:83,0
DA:95,0
DA:96,0
LF:22
LH:0
BRDA:43,0,0,0
BRDA:43,0,1,0
BRDA:43,1,0,0
BRDA:43,1,1,0
BRF:4
BRH:0
end_of_record
TN:
SF:/Users/gxs/Workspaces/xchanming/cicada/src/Storefront/Resources/app/storefront/src/plugin/captcha/basic-captcha.plugin.js
FN:26,(anonymous_0)
FN:62,(anonymous_1)
FN:74,(anonymous_2)
FN:75,(anonymous_3)
FN:90,(anonymous_4)
FN:95,(anonymous_5)
FN:110,(anonymous_6)
FN:161,(anonymous_7)
FN:170,(anonymous_8)
FN:180,(anonymous_9)
FN:197,(anonymous_10)
FN:210,(anonymous_11)
FN:228,(anonymous_12)
FNF:13
FNH:0
FNDA:0,(anonymous_0)
FNDA:0,(anonymous_1)
FNDA:0,(anonymous_2)
FNDA:0,(anonymous_3)
FNDA:0,(anonymous_4)
FNDA:0,(anonymous_5)
FNDA:0,(anonymous_6)
FNDA:0,(anonymous_7)
FNDA:0,(anonymous_8)
FNDA:0,(anonymous_9)
FNDA:0,(anonymous_10)
FNDA:0,(anonymous_11)
FNDA:0,(anonymous_12)
DA:7,0
DA:27,0
DA:29,0
DA:30,0
DA:33,0
DA:34,0
DA:40,0
DA:41,0
DA:44,0
DA:45,0
DA:46,0
DA:47,0
DA:52,0
DA:53,0
DA:63,0
DA:64,0
DA:66,0
DA:67,0
DA:73,0
DA:74,0
DA:75,0
DA:77,0
DA:78,0
DA:91,0
DA:92,0
DA:94,0
DA:95,0
DA:96,0
DA:97,0
DA:98,0
DA:99,0
DA:111,0
DA:113,0
DA:114,0
DA:119,0
DA:125,0
DA:126,0
DA:127,0
DA:129,0
DA:131,0
DA:132,0
DA:135,0
DA:139,0
DA:142,0
DA:143,0
DA:145,0
DA:146,0
DA:149,0
DA:162,0
DA:171,0
DA:172,0
DA:175,0
DA:176,0
DA:180,0
DA:181,0
DA:182,0
DA:183,0
DA:184,0
DA:185,0
DA:187,0
DA:198,0
DA:199,0
DA:201,0
DA:211,0
DA:212,0
DA:213,0
DA:215,0
DA:216,0
DA:217,0
DA:220,0
DA:229,0
DA:230,0
DA:232,0
DA:233,0
DA:234,0
DA:235,0
DA:237,0
DA:238,0
DA:240,0
DA:241,0
DA:242,0
DA:243,0
LF:82
LH:0
BRDA:29,0,0,0
BRDA:29,0,1,0
BRDA:33,1,0,0
BRDA:33,1,1,0
BRDA:40,2,0,0
BRDA:40,2,1,0
BRDA:52,3,0,0
BRDA:52,3,1,0
BRDA:66,4,0,0
BRDA:66,4,1,0
BRDA:73,5,0,0
BRDA:73,5,1,0
BRDA:77,6,0,0
BRDA:77,6,1,0
BRDA:129,7,0,0
BRDA:129,7,1,0
BRDA:142,8,0,0
BRDA:142,8,1,0
BRDA:142,9,0,0
BRDA:142,9,1,0
BRDA:143,10,0,0
BRDA:143,10,1,0
BRDA:171,11,0,0
BRDA:171,11,1,0
BRDA:183,12,0,0
BRDA:183,12,1,0
BRDA:198,13,0,0
BRDA:198,13,1,0
BRDA:198,14,0,0
BRDA:198,14,1,0
BRDA:215,15,0,0
BRDA:215,15,1,0
BRDA:229,16,0,0
BRDA:229,16,1,0
BRDA:234,17,0,0
BRDA:234,17,1,0
BRF:36
BRH:0
end_of_record
TN:
SF:/Users/gxs/Workspaces/xchanming/cicada/src/Storefront/Resources/app/storefront/src/plugin/captcha/google-re-captcha/google-re-captcha-base.plugin.js
FN:4,(anonymous_0)
FN:26,(anonymous_1)
FN:34,(anonymous_2)
FN:44,(anonymous_3)
FN:55,(anonymous_4)
FN:59,(anonymous_5)
FN:65,(anonymous_6)
FN:77,(anonymous_7)
FN:91,(anonymous_8)
FN:101,(anonymous_9)
FN:102,(anonymous_10)
FNF:11
FNH:0
FNDA:0,(anonymous_0)
FNDA:0,(anonymous_1)
FNDA:0,(anonymous_2)
FNDA:0,(anonymous_3)
FNDA:0,(anonymous_4)
FNDA:0,(anonymous_5)
FNDA:0,(anonymous_6)
FNDA:0,(anonymous_7)
FNDA:0,(anonymous_8)
FNDA:0,(anonymous_9)
FNDA:0,(anonymous_10)
DA:5,0
DA:7,0
DA:8,0
DA:11,0
DA:13,0
DA:14,0
DA:17,0
DA:18,0
DA:19,0
DA:21,0
DA:23,0
DA:45,0
DA:46,0
DA:47,0
DA:50,0
DA:52,0
DA:56,0
DA:57,0
DA:59,0
DA:60,0
DA:66,0
DA:67,0
DA:70,0
DA:75,0
DA:77,0
DA:78,0
DA:79,0
DA:80,0
DA:84,0
DA:85,0
DA:88,0
DA:92,0
DA:93,0
DA:96,0
DA:98,0
DA:102,0
DA:103,0
DA:104,0
LF:38
LH:0
BRDA:7,0,0,0
BRDA:7,0,1,0
BRDA:13,1,0,0
BRDA:13,1,1,0
BRDA:45,2,0,0
BRDA:45,2,1,0
BRDA:45,3,0,0
BRDA:45,3,1,0
BRDA:56,4,0,0
BRDA:56,4,1,0
BRDA:66,5,0,0
BRDA:66,5,1,0
BRDA:78,6,0,0
BRDA:78,6,1,0
BRDA:78,7,0,0
BRDA:78,7,1,0
BRDA:84,8,0,0
BRDA:84,8,1,0
BRDA:92,9,0,0
BRDA:92,9,1,0
BRDA:103,10,0,0
BRDA:103,10,1,0
BRDA:103,11,0,0
BRDA:103,11,1,0
BRF:24
BRH:0
end_of_record
TN:
SF:/Users/gxs/Workspaces/xchanming/cicada/src/Storefront/Resources/app/storefront/src/plugin/captcha/google-re-captcha/google-re-captcha-v2.plugin.js
FN:14,(anonymous_0)
FN:24,(anonymous_1)
FN:31,(anonymous_2)
FN:37,(anonymous_3)
FN:58,(anonymous_4)
FN:65,(anonymous_5)
FN:85,(anonymous_6)
FN:100,(anonymous_7)
FN:112,(anonymous_8)
FNF:9
FNH:0
FNDA:0,(anonymous_0)
FNDA:0,(anonymous_1)
FNDA:0,(anonymous_2)
FNDA:0,(anonymous_3)
FNDA:0,(anonymous_4)
FNDA:0,(anonymous_5)
FNDA:0,(anonymous_6)
FNDA:0,(anonymous_7)
FNDA:0,(anonymous_8)
DA:6,0
DA:15,0
DA:17,0
DA:18,0
DA:19,0
DA:21,0
DA:25,0
DA:32,0
DA:33,0
DA:34,0
DA:37,0
DA:38,0
DA:41,0
DA:42,0
DA:43,0
DA:46,0
DA:48,0
DA:59,0
DA:66,0
DA:71,0
DA:72,0
DA:74,0
DA:75,0
DA:76,0
DA:79,0
DA:86,0
DA:94,0
DA:101,0
DA:105,0
DA:106,0
DA:113,0
LF:31
LH:0
BRDA:32,0,0,0
BRDA:32,0,1,0
BRDA:33,1,0,0
BRDA:33,1,1,0
BRDA:41,2,0,0
BRDA:41,2,1,0
BRDA:74,3,0,0
BRDA:74,3,1,0
BRDA:88,4,0,0
BRDA:88,4,1,0
BRF:10
BRH:0
end_of_record
TN:
SF:/Users/gxs/Workspaces/xchanming/cicada/src/Storefront/Resources/app/storefront/src/plugin/captcha/google-re-captcha/google-re-captcha-v3.plugin.js
FN:9,(anonymous_0)
FN:13,(anonymous_1)
FN:17,(anonymous_2)
FN:26,(anonymous_3)
FN:27,(anonymous_4)
FNF:5
FNH:0
FNDA:0,(anonymous_0)
FNDA:0,(anonymous_1)
FNDA:0,(anonymous_2)
FNDA:0,(anonymous_3)
FNDA:0,(anonymous_4)
DA:4,0
DA:10,0
DA:14,0
DA:18,0
DA:27,0
DA:28,0
DA:33,0
DA:34,0
DA:36,0
LF:9
LH:0
BRF:0
BRH:0
end_of_record
TN:
SF:/Users/gxs/Workspaces/xchanming/cicada/src/Storefront/Resources/app/storefront/src/plugin/clear-input-button/clear-input.plugin.js
FN:19,(anonymous_0)
FN:34,(anonymous_1)
FN:35,(anonymous_2)
FN:46,(anonymous_3)
FN:61,(anonymous_4)
FN:62,(anonymous_5)
FNF:6
FNH:0
FNDA:0,(anonymous_0)
FNDA:0,(anonymous_1)
FNDA:0,(anonymous_2)
FNDA:0,(anonymous_3)
FNDA:0,(anonymous_4)
FNDA:0,(anonymous_5)
DA:10,0
DA:20,0
DA:25,0
DA:26,0
DA:35,0
DA:36,0
DA:38,0
DA:47,0
DA:49,0
DA:50,0
DA:52,0
DA:53,0
DA:62,0
DA:63,0
DA:64,0
DA:65,0
DA:67,0
LF:17
LH:0
BRDA:63,0,0,0
BRDA:63,0,1,0
BRF:2
BRH:0
end_of_record
TN:
SF:/Users/gxs/Workspaces/xchanming/cicada/src/Storefront/Resources/app/storefront/src/plugin/cms-gdpr-video-element/cms-gdpr-video-element.plugin.js
FN:33,(anonymous_0)
FN:49,(anonymous_1)
FN:53,(anonymous_2)
FN:71,(anonymous_3)
FN:83,(anonymous_4)
FN:87,(anonymous_5)
FN:105,(anonymous_6)
FN:120,(anonymous_7)
FN:124,(anonymous_8)
FN:138,(anonymous_9)
FNF:10
FNH:0
FNDA:0,(anonymous_0)
FNDA:0,(anonymous_1)
FNDA:0,(anonymous_2)
FNDA:0,(anonymous_3)
FNDA:0,(anonymous_4)
FNDA:0,(anonymous_5)
FNDA:0,(anonymous_6)
FNDA:0,(anonymous_7)
FNDA:0,(anonymous_8)
FNDA:0,(anonymous_9)
DA:6,0
DA:16,0
DA:34,0
DA:35,0
DA:37,0
DA:39,0
DA:40,0
DA:41,0
DA:50,0
DA:53,0
DA:54,0
DA:57,0
DA:58,0
DA:59,0
DA:61,0
DA:63,0
DA:72,0
DA:73,0
DA:75,0
DA:84,0
DA:85,0
DA:87,0
DA:88,0
DA:91,0
DA:95,0
DA:106,0
DA:108,0
DA:110,0
DA:112,0
DA:121,0
DA:122,0
DA:124,0
DA:125,0
DA:128,0
DA:129,0
DA:130,0
DA:132,0
DA:139,0
DA:140,0
LF:39
LH:0
BRDA:139,0,0,0
BRDA:139,0,1,0
BRF:2
BRH:0
end_of_record
TN:
SF:/Users/gxs/Workspaces/xchanming/cicada/src/Storefront/Resources/app/storefront/src/plugin/collapse/collapse-footer-columns.plugin.js
FN:18,(anonymous_0)
FN:28,(anonymous_1)
FN:40,(anonymous_2)
FN:43,(anonymous_3)
FN:64,(anonymous_4)
FN:73,(anonymous_5)
FN:79,(anonymous_6)
FN:93,(anonymous_7)
FNF:8
FNH:0
FNDA:0,(anonymous_0)
FNDA:0,(anonymous_1)
FNDA:0,(anonymous_2)
FNDA:0,(anonymous_3)
FNDA:0,(anonymous_4)
FNDA:0,(anonymous_5)
FNDA:0,(anonymous_6)
FNDA:0,(anonymous_7)
DA:11,0
DA:19,0
DA:21,0
DA:30,0
DA:32,0
DA:41,0
DA:43,0
DA:44,0
DA:47,0
DA:50,0
DA:51,0
DA:55,0
DA:65,0
DA:66,0
DA:67,0
DA:69,0
DA:73,0
DA:74,0
DA:76,0
DA:79,0
DA:80,0
DA:82,0
DA:85,0
DA:94,0
LF:24
LH:0
BRDA:50,0,0,0
BRDA:50,0,1,0
BRDA:94,1,0,0
BRDA:94,1,1,0
BRF:4
BRH:0
end_of_record
TN:
SF:/Users/gxs/Workspaces/xchanming/cicada/src/Storefront/Resources/app/storefront/src/plugin/cookie/cookie-configuration.plugin.js
FN:53,(anonymous_0)
FN:70,(anonymous_1)
FN:73,(anonymous_2)
FN:77,(anonymous_3)
FN:81,(anonymous_4)
FN:91,(anonymous_5)
FN:109,(anonymous_6)
FN:113,(anonymous_7)
FN:125,(anonymous_8)
FN:131,(anonymous_9)
FN:144,(anonymous_10)
FN:148,(anonymous_11)
FN:154,(anonymous_12)
FN:168,(anonymous_13)
FN:182,(anonymous_14)
FN:196,(anonymous_15)
FN:207,(anonymous_16)
FN:224,(anonymous_17)
FN:229,(anonymous_18)
FN:249,(anonymous_19)
FN:253,(anonymous_20)
FN:267,(anonymous_21)
FN:291,(anonymous_22)
FN:311,(anonymous_23)
FN:322,(anonymous_24)
FN:332,(anonymous_25)
FN:347,(anonymous_26)
FN:362,(anonymous_27)
FN:363,(anonymous_28)
FN:376,(anonymous_29)
FN:402,(anonymous_30)
FN:410,(anonymous_31)
FN:422,(anonymous_32)
FN:442,(anonymous_33)
FN:454,(anonymous_34)
FN:470,(anonymous_35)
FN:481,(anonymous_36)
FN:491,(anonymous_37)
FN:496,(anonymous_38)
FN:504,(anonymous_39)
FN:518,(anonymous_40)
FN:524,(anonymous_41)
FN:531,(anonymous_42)
FN:543,(anonymous_43)
FNF:44
FNH:0
FNDA:0,(anonymous_0)
FNDA:0,(anonymous_1)
FNDA:0,(anonymous_2)
FNDA:0,(anonymous_3)
FNDA:0,(anonymous_4)
FNDA:0,(anonymous_5)
FNDA:0,(anonymous_6)
FNDA:0,(anonymous_7)
FNDA:0,(anonymous_8)
FNDA:0,(anonymous_9)
FNDA:0,(anonymous_10)
FNDA:0,(anonymous_11)
FNDA:0,(anonymous_12)
FNDA:0,(anonymous_13)
FNDA:0,(anonymous_14)
FNDA:0,(anonymous_15)
FNDA:0,(anonymous_16)
FNDA:0,(anonymous_17)
FNDA:0,(anonymous_18)
FNDA:0,(anonymous_19)
FNDA:0,(anonymous_20)
FNDA:0,(anonymous_21)
FNDA:0,(anonymous_22)
FNDA:0,(anonymous_23)
FNDA:0,(anonymous_24)
FNDA:0,(anonymous_25)
FNDA:0,(anonymous_26)
FNDA:0,(anonymous_27)
FNDA:0,(anonymous_28)
FNDA:0,(anonymous_29)
FNDA:0,(anonymous_30)
FNDA:0,(anonymous_31)
FNDA:0,(anonymous_32)
FNDA:0,(anonymous_33)
FNDA:0,(anonymous_34)
FNDA:0,(anonymous_35)
FNDA:0,(anonymous_36)
FNDA:0,(anonymous_37)
FNDA:0,(anonymous_38)
FNDA:0,(anonymous_39)
FNDA:0,(anonymous_40)
FNDA:0,(anonymous_41)
FNDA:0,(anonymous_42)
FNDA:0,(anonymous_43)
DA:30,0
DA:31,0
DA:35,0
DA:54,0
DA:59,0
DA:61,0
DA:71,0
DA:73,0
DA:74,0
DA:77,0
DA:78,0
DA:81,0
DA:82,0
DA:92,0
DA:93,0
DA:95,0
DA:96,0
DA:97,0
DA:98,0
DA:99,0
DA:101,0
DA:102,0
DA:105,0
DA:106,0
DA:109,0
DA:110,0
DA:113,0
DA:114,0
DA:126,0
DA:128,0
DA:132,0
DA:134,0
DA:145,0
DA:146,0
DA:148,0
DA:149,0
DA:150,0
DA:154,0
DA:155,0
DA:156,0
DA:160,0
DA:169,0
DA:170,0
DA:172,0
DA:174,0
DA:183,0
DA:185,0
DA:186,0
DA:197,0
DA:198,0
DA:199,0
DA:200,0
DA:202,0
DA:203,0
DA:208,0
DA:210,0
DA:211,0
DA:212,0
DA:225,0
DA:226,0
DA:227,0
DA:229,0
DA:230,0
DA:231,0
DA:232,0
DA:234,0
DA:238,0
DA:250,0
DA:251,0
DA:253,0
DA:254,0
DA:256,0
DA:257,0
DA:268,0
DA:269,0
DA:270,0
DA:272,0
DA:274,0
DA:275,0
DA:277,0
DA:278,0
DA:280,0
DA:292,0
DA:293,0
DA:295,0
DA:297,0
DA:312,0
DA:313,0
DA:314,0
DA:316,0
DA:319,0
DA:323,0
DA:333,0
DA:334,0
DA:335,0
DA:337,0
DA:348,0
DA:349,0
DA:350,0
DA:352,0
DA:363,0
DA:364,0
DA:377,0
DA:378,0
DA:379,0
DA:381,0
DA:382,0
DA:384,0
DA:385,0
DA:386,0
DA:388,0
DA:389,0
DA:403,0
DA:404,0
DA:405,0
DA:407,0
DA:408,0
DA:410,0
DA:411,0
DA:413,0
DA:414,0
DA:422,0
DA:423,0
DA:425,0
DA:426,0
DA:430,0
DA:432,0
DA:433,0
DA:443,0
DA:444,0
DA:445,0
DA:447,0
DA:450,0
DA:452,0
DA:454,0
DA:455,0
DA:457,0
DA:459,0
DA:460,0
DA:471,0
DA:482,0
DA:492,0
DA:493,0
DA:494,0
DA:496,0
DA:497,0
DA:498,0
DA:502,0
DA:504,0
DA:519,0
DA:520,0
DA:521,0
DA:524,0
DA:525,0
DA:526,0
DA:527,0
DA:528,0
DA:529,0
DA:532,0
DA:533,0
DA:544,0
DA:546,0
LF:162
LH:0
BRDA:95,0,0,0
BRDA:95,0,1,0
BRDA:101,1,0,0
BRDA:101,1,1,0
BRDA:105,2,0,0
BRDA:105,2,1,0
BRDA:149,3,0,0
BRDA:149,3,1,0
BRDA:155,4,0,0
BRDA:155,4,1,0
BRDA:185,5,0,0
BRDA:185,5,1,0
BRDA:202,6,0,0
BRDA:202,6,1,0
BRDA:210,7,0,0
BRDA:210,7,1,0
BRDA:210,8,0,0
BRDA:210,8,1,0
BRDA:224,9,0,0
BRDA:225,10,0,0
BRDA:225,10,1,0
BRDA:231,11,0,0
BRDA:231,11,1,0
BRDA:231,12,0,0
BRDA:231,12,1,0
BRDA:274,13,0,0
BRDA:274,13,1,0
BRDA:277,14,0,0
BRDA:277,14,1,0
BRDA:295,15,0,0
BRDA:295,15,1,0
BRDA:311,16,0,0
BRDA:312,17,0,0
BRDA:312,17,1,0
BRDA:313,18,0,0
BRDA:313,18,1,0
BRDA:381,19,0,0
BRDA:381,19,1,0
BRDA:384,20,0,0
BRDA:384,20,1,0
BRDA:386,21,0,0
BRDA:386,21,1,0
BRDA:413,22,0,0
BRDA:413,22,1,0
BRDA:425,23,0,0
BRDA:425,23,1,0
BRDA:425,24,0,0
BRDA:425,24,1,0
BRDA:442,25,0,0
BRDA:443,26,0,0
BRDA:443,26,1,0
BRDA:491,27,0,0
BRDA:497,28,0,0
BRDA:497,28,1,0
BRDA:497,29,0,0
BRDA:497,29,1,0
BRDA:518,30,0,0
BRDA:518,31,0,0
BRDA:520,32,0,0
BRDA:520,32,1,0
BRDA:525,33,0,0
BRDA:525,33,1,0
BRDA:525,33,2,0
BRDA:525,33,3,0
BRDA:544,34,0,0
BRDA:544,34,1,0
BRDA:546,35,0,0
BRDA:546,35,1,0
BRDA:546,36,0,0
BRDA:546,36,1,0
BRF:70
BRH:0
end_of_record
TN:
SF:/Users/gxs/Workspaces/xchanming/cicada/src/Storefront/Resources/app/storefront/src/plugin/cookie/cookie-permission.plugin.js
FN:32,(anonymous_0)
FN:45,(anonymous_1)
FN:59,(anonymous_2)
FN:68,(anonymous_3)
FN:80,(anonymous_4)
FN:98,(anonymous_5)
FN:112,(anonymous_6)
FN:119,(anonymous_7)
FN:128,(anonymous_8)
FNF:9
FNH:0
FNDA:0,(anonymous_0)
FNDA:0,(anonymous_1)
FNDA:0,(anonymous_2)
FNDA:0,(anonymous_3)
FNDA:0,(anonymous_4)
FNDA:0,(anonymous_5)
FNDA:0,(anonymous_6)
FNDA:0,(anonymous_7)
FNDA:0,(anonymous_8)
DA:8,0
DA:33,0
DA:35,0
DA:36,0
DA:37,0
DA:46,0
DA:48,0
DA:49,0
DA:50,0
DA:53,0
DA:60,0
DA:62,0
DA:69,0
DA:71,0
DA:82,0
DA:83,0
DA:84,0
DA:87,0
DA:99,0
DA:101,0
DA:102,0
DA:103,0
DA:104,0
DA:106,0
DA:113,0
DA:120,0
DA:122,0
DA:129,0
DA:131,0
LF:29
LH:0
BRDA:35,0,0,0
BRDA:35,0,1,0
BRDA:48,1,0,0
BRDA:48,1,1,0
BRDA:82,2,0,0
BRDA:82,2,1,0
BRDA:83,3,0,0
BRDA:83,3,1,0
BRF:8
BRH:0
end_of_record
TN:
SF:/Users/gxs/Workspaces/xchanming/cicada/src/Storefront/Resources/app/storefront/src/plugin/cross-selling/cross-selling.plugin.js
FN:12,(anonymous_0)
FN:16,(anonymous_1)
FN:18,(anonymous_2)
FN:23,(anonymous_3)
FNF:4
FNH:0
FNDA:0,(anonymous_0)
FNDA:0,(anonymous_1)
FNDA:0,(anonymous_2)
FNDA:0,(anonymous_3)
DA:7,0
DA:13,0
DA:17,0
DA:18,0
DA:19,0
DA:24,0
DA:25,0
DA:28,0
DA:29,0
DA:31,0
DA:33,0
DA:34,0
DA:37,0
DA:39,0
LF:14
LH:0
BRDA:24,0,0,0
BRDA:24,0,1,0
BRDA:33,1,0,0
BRDA:33,1,1,0
BRF:4
BRH:0
end_of_record
TN:
SF:/Users/gxs/Workspaces/xchanming/cicada/src/Storefront/Resources/app/storefront/src/plugin/date-format/date-format.plugin.js
FN:16,(anonymous_0)
FNF:1
FNH:0
FNDA:0,(anonymous_0)
DA:17,0
DA:18,0
DA:19,0
DA:21,0
LF:4
LH:0
BRDA:18,0,0,0
BRDA:18,0,1,0
BRF:2
BRH:0
end_of_record
TN:
SF:/Users/gxs/Workspaces/xchanming/cicada/src/Storefront/Resources/app/storefront/src/plugin/date-picker/date-picker.plugin.js
FN:42,(anonymous_0)
FN:70,(anonymous_1)
FN:84,(anonymous_2)
FN:107,(anonymous_3)
FN:116,(anonymous_4)
FN:125,(anonymous_5)
FN:134,(anonymous_6)
FN:143,(anonymous_7)
FN:163,(anonymous_8)
FN:195,(anonymous_9)
FNF:10
FNH:0
FNDA:0,(anonymous_0)
FNDA:0,(anonymous_1)
FNDA:0,(anonymous_2)
FNDA:0,(anonymous_3)
FNDA:0,(anonymous_4)
FNDA:0,(anonymous_5)
FNDA:0,(anonymous_6)
FNDA:0,(anonymous_7)
FNDA:0,(anonymous_8)
FNDA:0,(anonymous_9)
DA:18,0
DA:43,0
DA:46,0
DA:47,0
DA:48,0
DA:51,0
DA:52,0
DA:56,0
DA:61,0
DA:62,0
DA:71,0
DA:72,0
DA:74,0
DA:75,0
DA:85,0
DA:86,0
DA:87,0
DA:90,0
DA:91,0
DA:92,0
DA:95,0
DA:96,0
DA:97,0
DA:98,0
DA:108,0
DA:117,0
DA:126,0
DA:135,0
DA:144,0
DA:145,0
DA:146,0
DA:149,0
DA:167,0
DA:169,0
DA:170,0
DA:171,0
DA:174,0
DA:175,0
DA:176,0
DA:178,0
DA:179,0
DA:180,0
DA:183,0
DA:184,0
DA:187,0
DA:196,0
DA:197,0
DA:200,0
DA:201,0
DA:203,0
LF:50
LH:0
BRDA:46,0,0,0
BRDA:46,0,1,0
BRDA:46,1,0,0
BRDA:46,1,1,0
BRDA:47,2,0,0
BRDA:47,2,1,0
BRDA:51,3,0,0
BRDA:51,3,1,0
BRDA:74,4,0,0
BRDA:74,4,1,0
BRDA:74,5,0,0
BRDA:74,5,1,0
BRDA:85,6,0,0
BRDA:85,6,1,0
BRDA:90,7,0,0
BRDA:90,7,1,0
BRDA:95,8,0,0
BRDA:95,8,1,0
BRDA:145,9,0,0
BRDA:145,9,1,0
BRDA:167,10,0,0
BRDA:167,10,1,0
BRDA:167,10,2,0
BRDA:167,10,3,0
BRDA:183,11,0,0
BRDA:183,11,1,0
BRDA:196,12,0,0
BRDA:196,12,1,0
BRF:28
BRH:0
end_of_record
TN:
SF:/Users/gxs/Workspaces/xchanming/cicada/src/Storefront/Resources/app/storefront/src/plugin/forms/form-add-history.plugin.js
FN:12,(anonymous_0)
FN:16,(anonymous_1)
FN:17,(anonymous_2)
FNF:3
FNH:0
FNDA:0,(anonymous_0)
FNDA:0,(anonymous_1)
FNDA:0,(anonymous_2)
DA:8,0
DA:13,0
DA:17,0
DA:18,0
LF:4
LH:0
BRDA:17,0,0,0
BRDA:17,1,0,0
BRF:2
BRH:0
end_of_record
TN:
SF:/Users/gxs/Workspaces/xchanming/cicada/src/Storefront/Resources/app/storefront/src/plugin/forms/form-ajax-pagination.plugin.js
FN:13,(anonymous_0)
FN:38,(anonymous_1)
FN:46,(anonymous_2)
FN:51,(anonymous_3)
FN:59,(anonymous_4)
FN:71,(anonymous_5)
FN:88,(anonymous_6)
FNF:7
FNH:0
FNDA:0,(anonymous_0)
FNDA:0,(anonymous_1)
FNDA:0,(anonymous_2)
FNDA:0,(anonymous_3)
FNDA:0,(anonymous_4)
FNDA:0,(anonymous_5)
FNDA:0,(anonymous_6)
DA:8,0
DA:18,0
DA:24,0
DA:30,0
DA:32,0
DA:39,0
DA:40,0
DA:47,0
DA:48,0
DA:51,0
DA:52,0
DA:60,0
DA:61,0
DA:64,0
DA:72,0
DA:74,0
DA:75,0
DA:78,0
DA:79,0
DA:80,0
DA:82,0
DA:89,0
LF:22
LH:0
BRDA:47,0,0,0
BRDA:47,0,1,0
BRDA:60,1,0,0
BRDA:60,1,1,0
BRDA:74,2,0,0
BRDA:74,2,1,0
BRF:6
BRH:0
end_of_record
TN:
SF:/Users/gxs/Workspaces/xchanming/cicada/src/Storefront/Resources/app/storefront/src/plugin/forms/form-ajax-submit.plugin.js
FN:53,(anonymous_0)
FN:77,(anonymous_1)
FN:89,(anonymous_2)
FN:102,(anonymous_3)
FN:108,(anonymous_4)
FN:124,(anonymous_5)
FN:145,(anonymous_6)
FN:160,(anonymous_7)
FN:169,(anonymous_8)
FN:188,(anonymous_9)
FN:209,(anonymous_10)
FN:228,(anonymous_11)
FN:230,(anonymous_12)
FN:244,(anonymous_13)
FN:245,(anonymous_14)
FN:258,(anonymous_15)
FN:259,(anonymous_16)
FNF:17
FNH:0
FNDA:0,(anonymous_0)
FNDA:0,(anonymous_1)
FNDA:0,(anonymous_2)
FNDA:0,(anonymous_3)
FNDA:0,(anonymous_4)
FNDA:0,(anonymous_5)
FNDA:0,(anonymous_6)
FNDA:0,(anonymous_7)
FNDA:0,(anonymous_8)
FNDA:0,(anonymous_9)
FNDA:0,(anonymous_10)
FNDA:0,(anonymous_11)
FNDA:0,(anonymous_12)
FNDA:0,(anonymous_13)
FNDA:0,(anonymous_14)
FNDA:0,(anonymous_15)
FNDA:0,(anonymous_16)
DA:17,0
DA:55,0
DA:57,0
DA:59,0
DA:61,0
DA:62,0
DA:65,0
DA:66,0
DA:69,0
DA:70,0
DA:71,0
DA:78,0
DA:80,0
DA:90,0
DA:91,0
DA:93,0
DA:103,0
DA:104,0
DA:105,0
DA:107,0
DA:108,0
DA:109,0
DA:110,0
DA:111,0
DA:125,0
DA:126,0
DA:129,0
DA:132,0
DA:133,0
DA:137,0
DA:138,0
DA:141,0
DA:143,0
DA:144,0
DA:145,0
DA:146,0
DA:147,0
DA:151,0
DA:161,0
DA:162,0
DA:164,0
DA:165,0
DA:170,0
DA:171,0
DA:173,0
DA:174,0
DA:176,0
DA:190,0
DA:192,0
DA:193,0
DA:194,0
DA:195,0
DA:198,0
DA:210,0
DA:211,0
DA:212,0
DA:213,0
DA:216,0
DA:218,0
DA:220,0
DA:229,0
DA:230,0
DA:231,0
DA:232,0
DA:236,0
DA:245,0
DA:246,0
DA:247,0
DA:250,0
DA:259,0
DA:260,0
DA:261,0
DA:264,0
LF:73
LH:0
BRDA:61,0,0,0
BRDA:61,0,1,0
BRDA:65,1,0,0
BRDA:65,1,1,0
BRDA:78,2,0,0
BRDA:78,2,1,0
BRDA:90,3,0,0
BRDA:90,3,1,0
BRDA:90,4,0,0
BRDA:90,4,1,0
BRDA:107,5,0,0
BRDA:107,5,1,0
BRDA:109,6,0,0
BRDA:109,6,1,0
BRDA:125,7,0,0
BRDA:125,7,1,0
BRDA:132,8,0,0
BRDA:132,8,1,0
BRDA:137,9,0,0
BRDA:137,9,1,0
BRDA:137,10,0,0
BRDA:137,10,1,0
BRDA:143,11,0,0
BRDA:143,11,1,0
BRDA:143,12,0,0
BRDA:143,12,1,0
BRDA:146,13,0,0
BRDA:146,13,1,0
BRDA:164,14,0,0
BRDA:164,14,1,0
BRDA:173,15,0,0
BRDA:173,15,1,0
BRDA:192,16,0,0
BRDA:192,16,1,0
BRDA:194,17,0,0
BRDA:194,17,1,0
BRDA:210,18,0,0
BRDA:210,18,1,0
BRDA:229,19,0,0
BRDA:229,19,1,0
BRDA:260,20,0,0
BRDA:260,20,1,0
BRF:42
BRH:0
end_of_record
TN:
SF:/Users/gxs/Workspaces/xchanming/cicada/src/Storefront/Resources/app/storefront/src/plugin/forms/form-auto-submit.plugin.js
FN:48,(anonymous_0)
FN:79,(anonymous_1)
FN:92,(anonymous_2)
FN:111,(anonymous_3)
FN:124,(anonymous_4)
FN:125,(anonymous_5)
FN:133,(anonymous_6)
FN:149,(anonymous_7)
FN:163,(anonymous_8)
FN:176,(anonymous_9)
FN:191,(anonymous_10)
FN:200,(anonymous_11)
FN:205,(anonymous_12)
FN:206,(anonymous_13)
FN:207,(anonymous_14)
FN:212,(anonymous_15)
FN:226,(anonymous_16)
FN:243,(anonymous_17)
FNF:18
FNH:0
FNDA:0,(anonymous_0)
FNDA:0,(anonymous_1)
FNDA:0,(anonymous_2)
FNDA:0,(anonymous_3)
FNDA:0,(anonymous_4)
FNDA:0,(anonymous_5)
FNDA:0,(anonymous_6)
FNDA:0,(anonymous_7)
FNDA:0,(anonymous_8)
FNDA:0,(anonymous_9)
FNDA:0,(anonymous_10)
FNDA:0,(anonymous_11)
FNDA:0,(anonymous_12)
FNDA:0,(anonymous_13)
FNDA:0,(anonymous_14)
FNDA:0,(anonymous_15)
FNDA:0,(anonymous_16)
FNDA:0,(anonymous_17)
DA:16,0
DA:49,0
DA:51,0
DA:53,0
DA:54,0
DA:57,0
DA:59,0
DA:60,0
DA:61,0
DA:65,0
DA:66,0
DA:69,0
DA:70,0
DA:80,0
DA:81,0
DA:83,0
DA:93,0
DA:95,0
DA:99,0
DA:100,0
DA:103,0
DA:107,0
DA:108,0
DA:111,0
DA:112,0
DA:125,0
DA:134,0
DA:136,0
DA:137,0
DA:140,0
DA:141,0
DA:150,0
DA:152,0
DA:153,0
DA:164,0
DA:165,0
DA:167,0
DA:169,0
DA:171,0
DA:172,0
DA:177,0
DA:178,0
DA:180,0
DA:192,0
DA:193,0
DA:194,0
DA:195,0
DA:197,0
DA:201,0
DA:202,0
DA:204,0
DA:205,0
DA:206,0
DA:208,0
DA:213,0
DA:215,0
DA:216,0
DA:217,0
DA:219,0
DA:227,0
DA:228,0
DA:232,0
DA:233,0
DA:234,0
DA:237,0
DA:244,0
DA:245,0
DA:249,0
DA:250,0
DA:251,0
DA:254,0
LF:71
LH:0
BRDA:53,0,0,0
BRDA:53,0,1,0
BRDA:59,1,0,0
BRDA:59,1,1,0
BRDA:60,2,0,0
BRDA:60,2,1,0
BRDA:65,3,0,0
BRDA:65,3,1,0
BRDA:65,4,0,0
BRDA:65,4,1,0
BRDA:80,5,0,0
BRDA:80,5,1,0
BRDA:80,6,0,0
BRDA:80,6,1,0
BRDA:93,7,0,0
BRDA:93,7,1,0
BRDA:95,8,0,0
BRDA:95,8,1,0
BRDA:103,9,0,0
BRDA:103,9,1,0
BRDA:136,10,0,0
BRDA:136,10,1,0
BRDA:136,11,0,0
BRDA:136,11,1,0
BRDA:171,12,0,0
BRDA:171,12,1,0
BRDA:227,13,0,0
BRDA:227,13,1,0
BRDA:232,14,0,0
BRDA:232,14,1,0
BRDA:244,15,0,0
BRDA:244,15,1,0
BRDA:249,16,0,0
BRDA:249,16,1,0
BRF:34
BRH:0
end_of_record
TN:
SF:/Users/gxs/Workspaces/xchanming/cicada/src/Storefront/Resources/app/storefront/src/plugin/forms/form-cms-handler.plugin.js
FN:17,(anonymous_0)
FN:26,(anonymous_1)
FN:33,(anonymous_2)
FN:42,(anonymous_3)
FN:49,(anonymous_4)
FN:53,(anonymous_5)
FN:57,(anonymous_6)
FN:61,(anonymous_7)
FN:71,(anonymous_8)
FN:75,(anonymous_9)
FN:81,(anonymous_10)
FN:106,(anonymous_11)
FNF:12
FNH:0
FNDA:0,(anonymous_0)
FNDA:0,(anonymous_1)
FNDA:0,(anonymous_2)
FNDA:0,(anonymous_3)
FNDA:0,(anonymous_4)
FNDA:0,(anonymous_5)
FNDA:0,(anonymous_6)
FNDA:0,(anonymous_7)
FNDA:0,(anonymous_8)
FNDA:0,(anonymous_9)
FNDA:0,(anonymous_10)
FNDA:0,(anonymous_11)
DA:9,0
DA:18,0
DA:19,0
DA:20,0
DA:21,0
DA:22,0
DA:23,0
DA:27,0
DA:28,0
DA:30,0
DA:34,0
DA:36,0
DA:37,0
DA:38,0
DA:43,0
DA:44,0
DA:45,0
DA:50,0
DA:54,0
DA:58,0
DA:62,0
DA:64,0
DA:65,0
DA:67,0
DA:72,0
DA:76,0
DA:78,0
DA:82,0
DA:83,0
DA:85,0
DA:86,0
DA:87,0
DA:88,0
DA:89,0
DA:90,0
DA:92,0
DA:96,0
DA:97,0
DA:100,0
DA:102,0
DA:107,0
DA:108,0
DA:109,0
DA:111,0
DA:113,0
DA:114,0
DA:115,0
DA:117,0
DA:118,0
DA:121,0
LF:50
LH:0
BRDA:36,0,0,0
BRDA:36,0,1,0
BRDA:44,1,0,0
BRDA:44,1,1,0
BRDA:64,2,0,0
BRDA:64,2,1,0
BRDA:85,3,0,0
BRDA:85,3,1,0
BRDA:89,4,0,0
BRDA:89,4,1,0
BRDA:89,5,0,0
BRDA:89,5,1,0
BRDA:96,6,0,0
BRDA:96,6,1,0
BRDA:107,7,0,0
BRDA:107,7,1,0
BRDA:108,8,0,0
BRDA:108,8,1,0
BRDA:114,9,0,0
BRDA:114,9,1,0
BRF:20
BRH:0
end_of_record
TN:
SF:/Users/gxs/Workspaces/xchanming/cicada/src/Storefront/Resources/app/storefront/src/plugin/forms/form-country-state-select.plugin.js
FN:32,(anonymous_0)
FN:43,(anonymous_1)
FN:47,(anonymous_2)
FN:89,(anonymous_3)
FN:137,(anonymous_4)
FN:155,(anonymous_5)
FN:174,(anonymous_6)
FN:193,(anonymous_7)
FN:199,(anonymous_8)
FN:242,(anonymous_9)
FN:261,(anonymous_10)
FN:266,(anonymous_11)
FN:275,(anonymous_12)
FN:284,(anonymous_13)
FN:304,_updateStateSelect
FN:314,removeOldOptions
FN:315,(anonymous_16)
FN:318,addNewStates
FN:326,(anonymous_18)
FN:327,(anonymous_19)
FN:333,createOptionFromState
FN:346,updateRequiredState
FN:362,preprocessStateData
FN:363,(anonymous_23)
FN:366,(anonymous_24)
FN:369,(anonymous_25)
FNF:26
FNH:0
FNDA:0,(anonymous_0)
FNDA:0,(anonymous_1)
FNDA:0,(anonymous_2)
FNDA:0,(anonymous_3)
FNDA:0,(anonymous_4)
FNDA:0,(anonymous_5)
FNDA:0,(anonymous_6)
FNDA:0,(anonymous_7)
FNDA:0,(anonymous_8)
FNDA:0,(anonymous_9)
FNDA:0,(anonymous_10)
FNDA:0,(anonymous_11)
FNDA:0,(anonymous_12)
FNDA:0,(anonymous_13)
FNDA:0,_updateStateSelect
FNDA:0,removeOldOptions
FNDA:0,(anonymous_16)
FNDA:0,addNewStates
FNDA:0,(anonymous_18)
FNDA:0,(anonymous_19)
FNDA:0,createOptionFromState
FNDA:0,updateRequiredState
FNDA:0,preprocessStateData
FNDA:0,(anonymous_23)
FNDA:0,(anonymous_24)
FNDA:0,(anonymous_25)
DA:10,0
DA:33,0
DA:34,0
DA:36,0
DA:37,0
DA:38,0
DA:39,0
DA:44,0
DA:48,0
DA:50,0
DA:51,0
DA:63,0
DA:65,0
DA:87,0
DA:89,0
DA:90,0
DA:91,0
DA:96,0
DA:97,0
DA:101,0
DA:102,0
DA:103,0
DA:104,0
DA:106,0
DA:107,0
DA:110,0
DA:111,0
DA:112,0
DA:113,0
DA:115,0
DA:117,0
DA:119,0
DA:121,0
DA:122,0
DA:124,0
DA:125,0
DA:127,0
DA:128,0
DA:131,0
DA:132,0
DA:134,0
DA:138,0
DA:143,0
DA:145,0
DA:152,0
DA:156,0
DA:161,0
DA:162,0
DA:165,0
DA:175,0
DA:176,0
DA:177,0
DA:178,0
DA:180,0
DA:181,0
DA:183,0
DA:184,0
DA:186,0
DA:188,0
DA:189,0
DA:194,0
DA:196,0
DA:200,0
DA:201,0
DA:207,0
DA:209,0
DA:217,0
DA:218,0
DA:219,0
DA:222,0
DA:223,0
DA:224,0
DA:227,0
DA:228,0
DA:243,0
DA:244,0
DA:247,0
DA:248,0
DA:250,0
DA:262,0
DA:263,0
DA:266,0
DA:267,0
DA:268,0
DA:270,0
DA:276,0
DA:277,0
DA:278,0
DA:281,0
DA:285,0
DA:287,0
DA:288,0
DA:290,0
DA:291,0
DA:293,0
DA:294,0
DA:296,0
DA:297,0
DA:300,0
DA:307,0
DA:309,0
DA:310,0
DA:311,0
DA:315,0
DA:319,0
DA:320,0
DA:322,0
DA:323,0
DA:324,0
DA:326,0
DA:328,0
DA:330,0
DA:334,0
DA:336,0
DA:337,0
DA:339,0
DA:340,0
DA:343,0
DA:347,0
DA:348,0
DA:349,0
DA:351,0
DA:353,0
DA:354,0
DA:357,0
DA:358,0
DA:363,0
DA:364,0
DA:366,0
DA:367,0
DA:368,0
DA:369,0
DA:370,0
DA:374,0
LF:134
LH:0
BRDA:38,0,0,0
BRDA:38,0,1,0
BRDA:50,1,0,0
BRDA:50,1,1,0
BRDA:96,2,0,0
BRDA:96,2,1,0
BRDA:106,3,0,0
BRDA:106,3,1,0
BRDA:127,4,0,0
BRDA:127,4,1,0
BRDA:131,5,0,0
BRDA:131,5,1,0
BRDA:162,6,0,0
BRDA:162,6,1,0
BRDA:163,7,0,0
BRDA:163,7,1,0
BRDA:188,8,0,0
BRDA:188,8,1,0
BRDA:217,9,0,0
BRDA:217,9,1,0
BRDA:222,10,0,0
BRDA:222,10,1,0
BRDA:227,11,0,0
BRDA:227,11,1,0
BRDA:243,12,0,0
BRDA:243,12,1,0
BRDA:243,13,0,0
BRDA:243,13,1,0
BRDA:247,14,0,0
BRDA:247,14,1,0
BRDA:261,15,0,0
BRDA:262,16,0,0
BRDA:262,16,1,0
BRDA:267,17,0,0
BRDA:267,17,1,0
BRDA:277,18,0,0
BRDA:277,18,1,0
BRDA:287,19,0,0
BRDA:287,19,1,0
BRDA:296,20,0,0
BRDA:296,20,1,0
BRDA:319,21,0,0
BRDA:319,21,1,0
BRDA:322,22,0,0
BRDA:322,22,1,0
BRDA:339,23,0,0
BRDA:339,23,1,0
BRDA:348,24,0,0
BRDA:348,24,1,0
BRDA:353,25,0,0
BRDA:353,25,1,0
BRDA:353,26,0,0
BRDA:353,26,1,0
BRF:53
BRH:0
end_of_record
TN:
SF:/Users/gxs/Workspaces/xchanming/cicada/src/Storefront/Resources/app/storefront/src/plugin/forms/form-field-toggle.plugin.js
FN:69,(anonymous_0)
FN:87,(anonymous_1)
FN:107,(anonymous_2)
FN:116,(anonymous_3)
FN:126,(anonymous_4)
FN:129,(anonymous_5)
FN:147,(anonymous_6)
FN:162,(anonymous_7)
FN:164,(anonymous_8)
FN:188,(anonymous_9)
FN:190,(anonymous_10)
FN:203,(anonymous_11)
FN:226,(anonymous_12)
FNF:13
FNH:0
FNDA:0,(anonymous_0)
FNDA:0,(anonymous_1)
FNDA:0,(anonymous_2)
FNDA:0,(anonymous_3)
FNDA:0,(anonymous_4)
FNDA:0,(anonymous_5)
FNDA:0,(anonymous_6)
FNDA:0,(anonymous_7)
FNDA:0,(anonymous_8)
FNDA:0,(anonymous_9)
FNDA:0,(anonymous_10)
FNDA:0,(anonymous_11)
FNDA:0,(anonymous_12)
DA:10,0
DA:70,0
DA:71,0
DA:72,0
DA:76,0
DA:78,0
DA:88,0
DA:89,0
DA:91,0
DA:92,0
DA:94,0
DA:97,0
DA:98,0
DA:108,0
DA:117,0
DA:118,0
DA:127,0
DA:129,0
DA:130,0
DA:131,0
DA:133,0
DA:137,0
DA:148,0
DA:149,0
DA:150,0
DA:152,0
DA:163,0
DA:164,0
DA:165,0
DA:166,0
DA:167,0
DA:168,0
DA:171,0
DA:172,0
DA:173,0
DA:174,0
DA:178,0
DA:179,0
DA:189,0
DA:190,0
DA:191,0
DA:192,0
DA:193,0
DA:196,0
DA:197,0
DA:198,0
DA:199,0
DA:202,0
DA:203,0
DA:204,0
DA:205,0
DA:207,0
DA:208,0
DA:214,0
DA:215,0
DA:227,0
LF:56
LH:0
BRDA:89,0,0,0
BRDA:89,0,1,0
BRDA:91,1,0,0
BRDA:91,1,1,0
BRDA:130,2,0,0
BRDA:130,2,1,0
BRDA:149,3,0,0
BRDA:149,3,1,0
BRDA:149,4,0,0
BRDA:149,4,1,0
BRDA:166,5,0,0
BRDA:166,5,1,0
BRDA:173,6,0,0
BRDA:173,6,1,0
BRDA:191,7,0,0
BRDA:191,7,1,0
BRDA:197,8,0,0
BRDA:197,8,1,0
BRDA:202,9,0,0
BRDA:202,9,1,0
BRDA:204,10,0,0
BRDA:204,10,1,0
BRDA:207,11,0,0
BRDA:207,11,1,0
BRF:24
BRH:0
end_of_record
TN:
SF:/Users/gxs/Workspaces/xchanming/cicada/src/Storefront/Resources/app/storefront/src/plugin/forms/form-handler.plugin.js
FN:85,(anonymous_0)
FN:110,(anonymous_1)
FN:121,(anonymous_2)
FN:137,(anonymous_3)
FN:138,(anonymous_4)
FN:149,(anonymous_5)
FN:169,(anonymous_6)
FN:206,(anonymous_7)
FN:207,(anonymous_8)
FN:218,(anonymous_9)
FN:219,(anonymous_10)
FN:228,(anonymous_11)
FN:243,(anonymous_12)
FN:263,(anonymous_13)
FNF:14
FNH:0
FNDA:0,(anonymous_0)
FNDA:0,(anonymous_1)
FNDA:0,(anonymous_2)
FNDA:0,(anonymous_3)
FNDA:0,(anonymous_4)
FNDA:0,(anonymous_5)
FNDA:0,(anonymous_6)
FNDA:0,(anonymous_7)
FNDA:0,(anonymous_8)
FNDA:0,(anonymous_9)
FNDA:0,(anonymous_10)
FNDA:0,(anonymous_11)
FNDA:0,(anonymous_12)
FNDA:0,(anonymous_13)
DA:34,0
DA:86,0
DA:87,0
DA:88,0
DA:91,0
DA:92,0
DA:93,0
DA:96,0
DA:98,0
DA:99,0
DA:102,0
DA:111,0
DA:112,0
DA:123,0
DA:126,0
DA:128,0
DA:138,0
DA:139,0
DA:150,0
DA:151,0
DA:153,0
DA:170,0
DA:173,0
DA:175,0
DA:177,0
DA:179,0
DA:181,0
DA:183,0
DA:187,0
DA:188,0
DA:191,0
DA:196,0
DA:198,0
DA:199,0
DA:207,0
DA:208,0
DA:209,0
DA:210,0
DA:219,0
DA:230,0
DA:232,0
DA:234,0
DA:244,0
DA:246,0
DA:248,0
DA:249,0
DA:250,0
DA:253,0
DA:264,0
LF:49
LH:0
BRDA:86,0,0,0
BRDA:86,0,1,0
BRDA:98,1,0,0
BRDA:98,1,1,0
BRDA:151,2,0,0
BRDA:151,2,1,0
BRDA:173,3,0,0
BRDA:173,3,1,0
BRDA:179,4,0,0
BRDA:179,4,1,0
BRDA:187,5,0,0
BRDA:187,5,1,0
BRDA:198,6,0,0
BRDA:198,6,1,0
BRDA:248,7,0,0
BRDA:248,7,1,0
BRF:16
BRH:0
end_of_record
TN:
SF:/Users/gxs/Workspaces/xchanming/cicada/src/Storefront/Resources/app/storefront/src/plugin/forms/form-preserver.plugin.js
FN:50,(anonymous_0)
FN:63,(anonymous_1)
FN:70,(anonymous_2)
FN:87,(anonymous_3)
FN:105,(anonymous_4)
FN:141,(anonymous_5)
FN:149,(anonymous_6)
FN:159,(anonymous_7)
FN:195,(anonymous_8)
FN:204,(anonymous_9)
FN:214,(anonymous_10)
FN:231,(anonymous_11)
FN:232,(anonymous_12)
FN:233,(anonymous_13)
FN:242,(anonymous_14)
FN:243,(anonymous_15)
FN:254,(anonymous_16)
FNF:17
FNH:0
FNDA:0,(anonymous_0)
FNDA:0,(anonymous_1)
FNDA:0,(anonymous_2)
FNDA:0,(anonymous_3)
FNDA:0,(anonymous_4)
FNDA:0,(anonymous_5)
FNDA:0,(anonymous_6)
FNDA:0,(anonymous_7)
FNDA:0,(anonymous_8)
FNDA:0,(anonymous_9)
FNDA:0,(anonymous_10)
FNDA:0,(anonymous_11)
FNDA:0,(anonymous_12)
FNDA:0,(anonymous_13)
FNDA:0,(anonymous_14)
FNDA:0,(anonymous_15)
FNDA:0,(anonymous_16)
DA:6,0
DA:7,0
DA:8,0
DA:18,0
DA:51,0
DA:52,0
DA:54,0
DA:55,0
DA:64,0
DA:65,0
DA:67,0
DA:68,0
DA:70,0
DA:71,0
DA:72,0
DA:73,0
DA:76,0
DA:77,0
DA:88,0
DA:89,0
DA:90,0
DA:92,0
DA:95,0
DA:106,0
DA:107,0
DA:108,0
DA:109,0
DA:112,0
DA:114,0
DA:115,0
DA:117,0
DA:120,0
DA:121,0
DA:123,0
DA:126,0
DA:127,0
DA:128,0
DA:131,0
DA:134,0
DA:142,0
DA:150,0
DA:160,0
DA:161,0
DA:162,0
DA:164,0
DA:165,0
DA:166,0
DA:168,0
DA:171,0
DA:174,0
DA:175,0
DA:177,0
DA:180,0
DA:181,0
DA:182,0
DA:184,0
DA:187,0
DA:196,0
DA:197,0
DA:198,0
DA:200,0
DA:203,0
DA:204,0
DA:206,0
DA:215,0
DA:216,0
DA:218,0
DA:219,0
DA:220,0
DA:221,0
DA:232,0
DA:233,0
DA:243,0
DA:244,0
DA:255,0
LF:75
LH:0
BRDA:72,0,0,0
BRDA:72,0,1,0
BRDA:89,1,0,0
BRDA:89,1,1,0
BRDA:108,2,0,0
BRDA:108,2,1,0
BRDA:114,3,0,0
BRDA:114,3,1,0
BRDA:120,4,0,0
BRDA:120,4,1,0
BRDA:126,5,0,0
BRDA:126,5,1,0
BRDA:127,6,0,0
BRDA:127,6,1,0
BRDA:164,7,0,0
BRDA:164,7,1,0
BRDA:165,8,0,0
BRDA:165,8,1,0
BRDA:174,9,0,0
BRDA:174,9,1,0
BRDA:181,10,0,0
BRDA:181,10,1,0
BRDA:197,11,0,0
BRDA:197,11,1,0
BRDA:220,12,0,0
BRDA:220,12,1,0
BRF:26
BRH:0
end_of_record
TN:
SF:/Users/gxs/Workspaces/xchanming/cicada/src/Storefront/Resources/app/storefront/src/plugin/forms/form-submit-loader.plugin.js
FN:32,(anonymous_0)
FN:49,(anonymous_1)
FN:67,(anonymous_2)
FN:88,(anonymous_3)
FN:98,(anonymous_4)
FN:107,(anonymous_5)
FNF:6
FNH:0
FNDA:0,(anonymous_0)
FNDA:0,(anonymous_1)
FNDA:0,(anonymous_2)
FNDA:0,(anonymous_3)
FNDA:0,(anonymous_4)
FNDA:0,(anonymous_5)
DA:18,0
DA:33,0
DA:34,0
DA:38,0
DA:40,0
DA:50,0
DA:51,0
DA:52,0
DA:55,0
DA:57,0
DA:68,0
DA:70,0
DA:71,0
DA:72,0
DA:81,0
DA:90,0
DA:101,0
DA:102,0
DA:103,0
DA:107,0
DA:108,0
DA:109,0
DA:111,0
DA:114,0
DA:115,0
DA:118,0
LF:26
LH:0
BRDA:33,0,0,0
BRDA:33,0,1,0
BRDA:33,1,0,0
BRDA:33,1,1,0
BRDA:50,2,0,0
BRDA:50,2,1,0
BRDA:50,3,0,0
BRDA:50,3,1,0
BRDA:71,4,0,0
BRDA:71,4,1,0
BRDA:101,5,0,0
BRDA:101,5,1,0
BRDA:102,6,0,0
BRDA:102,6,1,0
BRDA:108,7,0,0
BRDA:108,7,1,0
BRF:16
BRH:0
end_of_record
TN:
SF:/Users/gxs/Workspaces/xchanming/cicada/src/Storefront/Resources/app/storefront/src/plugin/google-analytics/analytics-event.js
FN:11,(anonymous_0)
FN:17,(anonymous_1)
FN:21,(anonymous_2)
FNF:3
FNH:0
FNDA:0,(anonymous_0)
FNDA:0,(anonymous_1)
FNDA:0,(anonymous_2)
DA:3,0
DA:12,0
DA:13,0
DA:18,0
DA:22,0
LF:5
LH:0
BRF:0
BRH:0
end_of_record
TN:
SF:/Users/gxs/Workspaces/xchanming/cicada/src/Storefront/Resources/app/storefront/src/plugin/google-analytics/event-aware-analytics-event.js
FN:5,(anonymous_0)
FN:9,(anonymous_1)
FN:10,(anonymous_2)
FN:19,(anonymous_3)
FN:26,(anonymous_4)
FNF:5
FNH:0
FNDA:0,(anonymous_0)
FNDA:0,(anonymous_1)
FNDA:0,(anonymous_2)
FNDA:0,(anonymous_3)
FNDA:0,(anonymous_4)
DA:6,0
DA:7,0
DA:9,0
DA:10,0
DA:11,0
DA:20,0
DA:27,0
LF:7
LH:0
BRF:0
BRH:0
end_of_record
TN:
SF:/Users/gxs/Workspaces/xchanming/cicada/src/Storefront/Resources/app/storefront/src/plugin/google-analytics/google-analytics.plugin.js
FN:25,(anonymous_0)
FN:40,(anonymous_1)
FN:56,(anonymous_2)
FN:77,(anonymous_3)
FN:78,(anonymous_4)
FN:87,(anonymous_5)
FN:106,(anonymous_6)
FN:110,(anonymous_7)
FN:114,(anonymous_8)
FN:132,(anonymous_9)
FN:136,(anonymous_10)
FN:146,(anonymous_11)
FN:147,(anonymous_12)
FN:156,(anonymous_13)
FN:183,(anonymous_14)
FNF:15
FNH:0
FNDA:0,(anonymous_0)
FNDA:0,(anonymous_1)
FNDA:0,(anonymous_2)
FNDA:0,(anonymous_3)
FNDA:0,(anonymous_4)
FNDA:0,(anonymous_5)
FNDA:0,(anonymous_6)
FNDA:0,(anonymous_7)
FNDA:0,(anonymous_8)
FNDA:0,(anonymous_9)
FNDA:0,(anonymous_10)
FNDA:0,(anonymous_11)
FNDA:0,(anonymous_12)
FNDA:0,(anonymous_13)
FNDA:0,(anonymous_14)
DA:26,0
DA:27,0
DA:28,0
DA:30,0
DA:31,0
DA:33,0
DA:34,0
DA:37,0
DA:41,0
DA:42,0
DA:43,0
DA:45,0
DA:46,0
DA:48,0
DA:49,0
DA:50,0
DA:52,0
DA:53,0
DA:57,0
DA:59,0
DA:60,0
DA:61,0
DA:65,0
DA:66,0
DA:72,0
DA:73,0
DA:78,0
DA:79,0
DA:80,0
DA:83,0
DA:88,0
DA:89,0
DA:90,0
DA:91,0
DA:92,0
DA:93,0
DA:94,0
DA:95,0
DA:96,0
DA:97,0
DA:98,0
DA:99,0
DA:100,0
DA:107,0
DA:111,0
DA:115,0
DA:117,0
DA:119,0
DA:120,0
DA:123,0
DA:124,0
DA:125,0
DA:128,0
DA:129,0
DA:133,0
DA:134,0
DA:136,0
DA:137,0
DA:138,0
DA:139,0
DA:142,0
DA:147,0
DA:148,0
DA:157,0
DA:158,0
DA:161,0
DA:163,0
DA:164,0
DA:167,0
DA:168,0
DA:169,0
DA:170,0
DA:173,0
DA:174,0
DA:177,0
DA:184,0
LF:76
LH:0
BRDA:33,0,0,0
BRDA:33,0,1,0
BRDA:33,1,0,0
BRDA:33,1,1,0
BRDA:60,2,0,0
BRDA:60,2,1,0
BRDA:65,3,0,0
BRDA:65,3,1,0
BRDA:72,4,0,0
BRDA:72,4,1,0
BRDA:79,5,0,0
BRDA:79,5,1,0
BRDA:119,6,0,0
BRDA:119,6,1,0
BRDA:123,7,0,0
BRDA:123,7,1,0
BRDA:138,8,0,0
BRDA:138,8,1,0
BRDA:157,9,0,0
BRDA:157,9,1,0
BRDA:163,10,0,0
BRDA:163,10,1,0
BRDA:164,11,0,0
BRDA:164,11,1,0
BRDA:167,12,0,0
BRDA:167,12,1,0
BRDA:168,13,0,0
BRDA:168,13,1,0
BRDA:169,14,0,0
BRDA:169,14,1,0
BRDA:170,15,0,0
BRDA:170,15,1,0
BRDA:173,16,0,0
BRDA:173,16,1,0
BRDA:184,17,0,0
BRDA:184,17,1,0
BRF:36
BRH:0
end_of_record
TN:
SF:/Users/gxs/Workspaces/xchanming/cicada/src/Storefront/Resources/app/storefront/src/plugin/google-analytics/line-item.helper.js
FN:8,(anonymous_0)
FN:13,(anonymous_1)
FN:29,(anonymous_2)
FNF:3
FNH:0
FNDA:0,(anonymous_0)
FNDA:0,(anonymous_1)
FNDA:0,(anonymous_2)
DA:9,0
DA:10,0
DA:11,0
DA:13,0
DA:14,0
DA:23,0
DA:30,0
DA:32,0
LF:8
LH:0
BRF:0
BRH:0
end_of_record
TN:
SF:/Users/gxs/Workspaces/xchanming/cicada/src/Storefront/Resources/app/storefront/src/plugin/google-analytics/events/add-to-cart-by-number.event.js
FN:6,(anonymous_0)
FN:10,(anonymous_1)
FN:19,(anonymous_2)
FNF:3
FNH:0
FNDA:0,(anonymous_0)
FNDA:0,(anonymous_1)
FNDA:0,(anonymous_2)
DA:7,0
DA:11,0
DA:12,0
DA:13,0
DA:16,0
DA:20,0
DA:21,0
DA:24,0
DA:26,0
LF:9
LH:0
BRDA:7,0,0,0
BRDA:7,0,1,0
BRDA:12,1,0,0
BRDA:12,1,1,0
BRDA:20,2,0,0
BRDA:20,2,1,0
BRF:6
BRH:0
end_of_record
TN:
SF:/Users/gxs/Workspaces/xchanming/cicada/src/Storefront/Resources/app/storefront/src/plugin/google-analytics/events/add-to-cart.event.js
FN:5,(anonymous_0)
FN:9,(anonymous_1)
FN:13,(anonymous_2)
FN:19,(anonymous_3)
FN:27,(anonymous_4)
FNF:5
FNH:0
FNDA:0,(anonymous_0)
FNDA:0,(anonymous_1)
FNDA:0,(anonymous_2)
FNDA:0,(anonymous_3)
FNDA:0,(anonymous_4)
DA:6,0
DA:10,0
DA:14,0
DA:20,0
DA:21,0
DA:24,0
DA:25,0
DA:27,0
DA:28,0
DA:29,0
DA:33,0
DA:34,0
DA:35,0
DA:38,0
LF:14
LH:0
BRDA:20,0,0,0
BRDA:20,0,1,0
BRDA:28,1,0,0
BRDA:28,1,1,0
BRDA:33,2,0,0
BRDA:33,2,1,0
BRF:6
BRH:0
end_of_record
TN:
SF:/Users/gxs/Workspaces/xchanming/cicada/src/Storefront/Resources/app/storefront/src/plugin/google-analytics/events/begin-checkout-on-cart.event.js
FN:7,(anonymous_0)
FN:11,(anonymous_1)
FN:21,(anonymous_2)
FNF:3
FNH:0
FNDA:0,(anonymous_0)
FNDA:0,(anonymous_1)
FNDA:0,(anonymous_2)
DA:8,0
DA:12,0
DA:14,0
DA:15,0
DA:18,0
DA:22,0
DA:23,0
DA:26,0
LF:8
LH:0
BRDA:8,0,0,0
BRDA:8,0,1,0
BRDA:14,1,0,0
BRDA:14,1,1,0
BRDA:22,2,0,0
BRDA:22,2,1,0
BRF:6
BRH:0
end_of_record
TN:
SF:/Users/gxs/Workspaces/xchanming/cicada/src/Storefront/Resources/app/storefront/src/plugin/google-analytics/events/begin-checkout.event.js
FN:7,(anonymous_0)
FN:11,(anonymous_1)
FN:17,(anonymous_2)
FN:21,(anonymous_3)
FN:25,(anonymous_4)
FNF:5
FNH:0
FNDA:0,(anonymous_0)
FNDA:0,(anonymous_1)
FNDA:0,(anonymous_2)
FNDA:0,(anonymous_3)
FNDA:0,(anonymous_4)
DA:8,0
DA:12,0
DA:18,0
DA:22,0
DA:26,0
DA:27,0
DA:30,0
LF:7
LH:0
BRDA:26,0,0,0
BRDA:26,0,1,0
BRF:2
BRH:0
end_of_record
TN:
SF:/Users/gxs/Workspaces/xchanming/cicada/src/Storefront/Resources/app/storefront/src/plugin/google-analytics/events/checkout-progress.event.js
FN:6,(anonymous_0)
FN:10,(anonymous_1)
FNF:2
FNH:0
FNDA:0,(anonymous_0)
FNDA:0,(anonymous_1)
DA:7,0
DA:11,0
DA:12,0
DA:15,0
LF:4
LH:0
BRDA:7,0,0,0
BRDA:7,0,1,0
BRDA:11,1,0,0
BRDA:11,1,1,0
BRF:4
BRH:0
end_of_record
TN:
SF:/Users/gxs/Workspaces/xchanming/cicada/src/Storefront/Resources/app/storefront/src/plugin/google-analytics/events/login.event.js
FN:5,(anonymous_0)
FN:12,(anonymous_1)
FN:16,(anonymous_2)
FN:22,(anonymous_3)
FNF:4
FNH:0
FNDA:0,(anonymous_0)
FNDA:0,(anonymous_1)
FNDA:0,(anonymous_2)
FNDA:0,(anonymous_3)
DA:6,0
DA:13,0
DA:17,0
DA:23,0
DA:24,0
DA:27,0
DA:29,0
DA:30,0
DA:33,0
LF:9
LH:0
BRDA:6,0,0,0
BRDA:6,0,1,0
BRDA:6,0,2,0
BRDA:6,0,3,0
BRDA:23,1,0,0
BRDA:23,1,1,0
BRDA:29,2,0,0
BRDA:29,2,1,0
BRDA:29,3,0,0
BRDA:29,3,1,0
BRF:10
BRH:0
end_of_record
TN:
SF:/Users/gxs/Workspaces/xchanming/cicada/src/Storefront/Resources/app/storefront/src/plugin/google-analytics/events/purchase.event.js
FN:7,(anonymous_0)
FN:11,(anonymous_1)
FNF:2
FNH:0
FNDA:0,(anonymous_0)
FNDA:0,(anonymous_1)
DA:8,0
DA:12,0
DA:13,0
DA:16,0
DA:17,0
DA:18,0
DA:20,0
DA:23,0
DA:24,0
DA:25,0
DA:27,0
DA:30,0
LF:12
LH:0
BRDA:8,0,0,0
BRDA:8,0,1,0
BRDA:8,0,2,0
BRDA:12,1,0,0
BRDA:12,1,1,0
BRDA:17,2,0,0
BRDA:17,2,1,0
BRDA:24,3,0,0
BRDA:24,3,1,0
BRF:9
BRH:0
end_of_record
TN:
SF:/Users/gxs/Workspaces/xchanming/cicada/src/Storefront/Resources/app/storefront/src/plugin/google-analytics/events/remove-from-cart.event.js
FN:6,(anonymous_0)
FN:10,(anonymous_1)
FN:14,(anonymous_2)
FNF:3
FNH:0
FNDA:0,(anonymous_0)
FNDA:0,(anonymous_1)
FNDA:0,(anonymous_2)
DA:7,0
DA:11,0
DA:15,0
DA:16,0
DA:19,0
DA:20,0
DA:21,0
DA:24,0
LF:8
LH:0
BRDA:15,0,0,0
BRDA:15,0,1,0
BRDA:20,1,0,0
BRDA:20,1,1,0
BRF:4
BRH:0
end_of_record
TN:
SF:/Users/gxs/Workspaces/xchanming/cicada/src/Storefront/Resources/app/storefront/src/plugin/google-analytics/events/search-ajax.event.js
FN:5,(anonymous_0)
FN:9,(anonymous_1)
FN:13,(anonymous_2)
FN:19,(anonymous_3)
FNF:4
FNH:0
FNDA:0,(anonymous_0)
FNDA:0,(anonymous_1)
FNDA:0,(anonymous_2)
FNDA:0,(anonymous_3)
DA:6,0
DA:10,0
DA:14,0
DA:20,0
DA:21,0
DA:24,0
LF:6
LH:0
BRDA:20,0,0,0
BRDA:20,0,1,0
BRF:2
BRH:0
end_of_record
TN:
SF:/Users/gxs/Workspaces/xchanming/cicada/src/Storefront/Resources/app/storefront/src/plugin/google-analytics/events/sign-up.event.js
FN:5,(anonymous_0)
FN:12,(anonymous_1)
FN:16,(anonymous_2)
FN:22,(anonymous_3)
FNF:4
FNH:0
FNDA:0,(anonymous_0)
FNDA:0,(anonymous_1)
FNDA:0,(anonymous_2)
FNDA:0,(anonymous_3)
DA:6,0
DA:13,0
DA:17,0
DA:23,0
DA:24,0
DA:27,0
DA:29,0
DA:30,0
DA:33,0
LF:9
LH:0
BRDA:6,0,0,0
BRDA:6,0,1,0
BRDA:6,0,2,0
BRDA:6,0,3,0
BRDA:23,1,0,0
BRDA:23,1,1,0
BRDA:29,2,0,0
BRDA:29,2,1,0
BRDA:29,3,0,0
BRDA:29,3,1,0
BRF:10
BRH:0
end_of_record
TN:
SF:/Users/gxs/Workspaces/xchanming/cicada/src/Storefront/Resources/app/storefront/src/plugin/google-analytics/events/view-item-list.event.js
FN:6,(anonymous_0)
FN:11,(anonymous_1)
FN:21,(anonymous_2)
FN:29,(anonymous_3)
FNF:4
FNH:0
FNDA:0,(anonymous_0)
FNDA:0,(anonymous_1)
FNDA:0,(anonymous_2)
FNDA:0,(anonymous_3)
DA:7,0
DA:8,0
DA:12,0
DA:13,0
DA:16,0
DA:22,0
DA:23,0
DA:25,0
DA:26,0
DA:29,0
DA:30,0
DA:31,0
DA:35,0
LF:13
LH:0
BRDA:12,0,0,0
BRDA:12,0,1,0
BRDA:25,1,0,0
BRDA:25,1,1,0
BRDA:30,2,0,0
BRDA:30,2,1,0
BRF:6
BRH:0
end_of_record
TN:
SF:/Users/gxs/Workspaces/xchanming/cicada/src/Storefront/Resources/app/storefront/src/plugin/google-analytics/events/view-item.event.js
FN:6,(anonymous_0)
FN:10,(anonymous_1)
FNF:2
FNH:0
FNDA:0,(anonymous_0)
FNDA:0,(anonymous_1)
DA:7,0
DA:11,0
DA:12,0
DA:15,0
DA:20,0
DA:21,0
DA:23,0
DA:26,0
DA:31,0
DA:36,0
DA:37,0
DA:39,0
DA:42,0
DA:43,0
DA:44,0
DA:45,0
DA:47,0
DA:50,0
LF:18
LH:0
BRDA:7,0,0,0
BRDA:7,0,1,0
BRDA:11,1,0,0
BRDA:11,1,1,0
BRDA:20,2,0,0
BRDA:20,2,1,0
BRDA:36,3,0,0
BRDA:36,3,1,0
BRDA:36,4,0,0
BRDA:36,4,1,0
BRDA:44,5,0,0
BRDA:44,5,1,0
BRDA:44,6,0,0
BRDA:44,6,1,0
BRF:14
BRH:0
end_of_record
TN:
SF:/Users/gxs/Workspaces/xchanming/cicada/src/Storefront/Resources/app/storefront/src/plugin/google-analytics/events/view-search-results.js
FN:6,(anonymous_0)
FN:10,(anonymous_1)
FNF:2
FNH:0
FNDA:0,(anonymous_0)
FNDA:0,(anonymous_1)
DA:7,0
DA:11,0
DA:12,0
DA:15,0
DA:17,0
LF:5
LH:0
BRDA:7,0,0,0
BRDA:7,0,1,0
BRDA:11,1,0,0
BRDA:11,1,1,0
BRF:4
BRH:0
end_of_record
TN:
SF:/Users/gxs/Workspaces/xchanming/cicada/src/Storefront/Resources/app/storefront/src/plugin/header/account-guest-abort-button.plugin.js
FN:4,(anonymous_0)
FN:11,(anonymous_1)
FN:15,(anonymous_2)
FNF:3
FNH:0
FNDA:0,(anonymous_0)
FNDA:0,(anonymous_1)
FNDA:0,(anonymous_2)
DA:5,0
DA:12,0
DA:16,0
DA:18,0
DA:20,0
LF:5
LH:0
BRF:0
BRH:0
end_of_record
TN:
SF:/Users/gxs/Workspaces/xchanming/cicada/src/Storefront/Resources/app/storefront/src/plugin/header/account-menu.plugin.js
FN:25,(anonymous_0)
FN:37,(anonymous_1)
FN:49,(anonymous_2)
FN:69,(anonymous_3)
FN:80,(anonymous_4)
FN:107,(anonymous_5)
FNF:6
FNH:0
FNDA:0,(anonymous_0)
FNDA:0,(anonymous_1)
FNDA:0,(anonymous_2)
FNDA:0,(anonymous_3)
FNDA:0,(anonymous_4)
FNDA:0,(anonymous_5)
DA:8,0
DA:26,0
DA:27,0
DA:29,0
DA:38,0
DA:39,0
DA:41,0
DA:51,0
DA:52,0
DA:55,0
DA:57,0
DA:58,0
DA:60,0
DA:70,0
DA:71,0
DA:81,0
DA:86,0
DA:89,0
DA:90,0
DA:92,0
DA:93,0
DA:94,0
DA:99,0
DA:108,0
LF:24
LH:0
BRDA:51,0,0,0
BRDA:51,0,1,0
BRDA:70,1,0,0
BRDA:70,1,1,0
BRDA:81,2,0,0
BRDA:81,2,1,0
BRDA:82,3,0,0
BRDA:82,3,1,0
BRDA:82,3,2,0
BRDA:89,4,0,0
BRDA:89,4,1,0
BRDA:92,5,0,0
BRDA:92,5,1,0
BRDA:93,6,0,0
BRDA:93,6,1,0
BRDA:108,7,0,0
BRDA:108,7,1,0
BRF:17
BRH:0
end_of_record
TN:
SF:/Users/gxs/Workspaces/xchanming/cicada/src/Storefront/Resources/app/storefront/src/plugin/header/cart-widget.plugin.js
FN:12,(anonymous_0)
FN:25,(anonymous_1)
FN:42,(anonymous_2)
FN:43,(anonymous_3)
FNF:4
FNH:0
FNDA:0,(anonymous_0)
FNDA:0,(anonymous_1)
FNDA:0,(anonymous_2)
FNDA:0,(anonymous_3)
DA:7,0
DA:14,0
DA:16,0
DA:17,0
DA:28,0
DA:30,0
DA:31,0
DA:32,0
DA:35,0
DA:43,0
DA:44,0
DA:45,0
DA:48,0
DA:49,0
DA:50,0
DA:51,0
DA:52,0
DA:55,0
DA:58,0
DA:59,0
DA:60,0
DA:63,0
LF:22
LH:0
BRDA:31,0,0,0
BRDA:31,0,1,0
BRDA:44,1,0,0
BRDA:44,1,1,0
BRDA:48,2,0,0
BRDA:48,2,1,0
BRDA:51,3,0,0
BRDA:51,3,1,0
BRDA:59,4,0,0
BRDA:59,4,1,0
BRF:10
BRH:0
end_of_record
TN:
SF:/Users/gxs/Workspaces/xchanming/cicada/src/Storefront/Resources/app/storefront/src/plugin/header/search-widget.plugin.js
FN:27,(anonymous_0)
FN:54,(anonymous_1)
FN:79,(anonymous_2)
FN:93,(anonymous_3)
FN:113,(anonymous_4)
FN:123,(anonymous_5)
FN:141,(anonymous_6)
FN:147,(anonymous_7)
FN:158,(anonymous_8)
FN:178,(anonymous_9)
FN:188,(anonymous_10)
FN:197,(anonymous_11)
FN:198,(anonymous_12)
FN:206,(anonymous_13)
FNF:14
FNH:0
FNDA:0,(anonymous_0)
FNDA:0,(anonymous_1)
FNDA:0,(anonymous_2)
FNDA:0,(anonymous_3)
FNDA:0,(anonymous_4)
FNDA:0,(anonymous_5)
FNDA:0,(anonymous_6)
FNDA:0,(anonymous_7)
FNDA:0,(anonymous_8)
FNDA:0,(anonymous_9)
FNDA:0,(anonymous_10)
FNDA:0,(anonymous_11)
FNDA:0,(anonymous_12)
FNDA:0,(anonymous_13)
DA:12,0
DA:28,0
DA:29,0
DA:30,0
DA:31,0
DA:32,0
DA:34,0
DA:37,0
DA:40,0
DA:47,0
DA:56,0
DA:65,0
DA:68,0
DA:69,0
DA:72,0
DA:75,0
DA:80,0
DA:83,0
DA:84,0
DA:85,0
DA:94,0
DA:97,0
DA:99,0
DA:100,0
DA:103,0
DA:105,0
DA:114,0
DA:115,0
DA:118,0
DA:119,0
DA:121,0
DA:123,0
DA:125,0
DA:128,0
DA:131,0
DA:133,0
DA:143,0
DA:146,0
DA:147,0
DA:149,0
DA:160,0
DA:161,0
DA:165,0
DA:166,0
DA:169,0
DA:171,0
DA:179,0
DA:181,0
DA:189,0
DA:191,0
DA:192,0
DA:193,0
DA:196,0
DA:197,0
DA:198,0
DA:207,0
DA:208,0
DA:209,0
DA:210,0
DA:213,0
LF:60
LH:0
BRDA:68,0,0,0
BRDA:68,0,1,0
BRDA:83,1,0,0
BRDA:83,1,1,0
BRDA:97,2,0,0
BRDA:97,2,1,0
BRDA:160,3,0,0
BRDA:160,3,1,0
BRDA:165,4,0,0
BRDA:165,4,1,0
BRDA:191,5,0,0
BRDA:191,5,1,0
BRDA:196,6,0,0
BRDA:196,6,1,0
BRDA:207,7,0,0
BRDA:207,7,1,0
BRDA:207,8,0,0
BRDA:207,8,1,0
BRF:18
BRH:0
end_of_record
TN:
SF:/Users/gxs/Workspaces/xchanming/cicada/src/Storefront/Resources/app/storefront/src/plugin/header/wishlist-widget.plugin.js
FN:10,(anonymous_0)
FN:27,(anonymous_1)
FN:34,(anonymous_2)
FN:45,(anonymous_3)
FN:46,(anonymous_4)
FN:49,(anonymous_5)
FN:54,(anonymous_6)
FN:60,(anonymous_7)
FN:71,(anonymous_8)
FN:72,(anonymous_9)
FN:82,(anonymous_10)
FN:89,(anonymous_11)
FNF:12
FNH:0
FNDA:0,(anonymous_0)
FNDA:0,(anonymous_1)
FNDA:0,(anonymous_2)
FNDA:0,(anonymous_3)
FNDA:0,(anonymous_4)
FNDA:0,(anonymous_5)
FNDA:0,(anonymous_6)
FNDA:0,(anonymous_7)
FNDA:0,(anonymous_8)
FNDA:0,(anonymous_9)
FNDA:0,(anonymous_10)
FNDA:0,(anonymous_11)
DA:6,0
DA:11,0
DA:13,0
DA:14,0
DA:17,0
DA:18,0
DA:20,0
DA:28,0
DA:35,0
DA:36,0
DA:39,0
DA:46,0
DA:47,0
DA:49,0
DA:50,0
DA:54,0
DA:55,0
DA:57,0
DA:60,0
DA:61,0
DA:63,0
DA:66,0
DA:68,0
DA:69,0
DA:71,0
DA:72,0
DA:73,0
DA:83,0
DA:85,0
DA:86,0
DA:89,0
DA:90,0
DA:91,0
LF:33
LH:0
BRDA:13,0,0,0
BRDA:13,0,1,0
BRDA:35,1,0,0
BRDA:35,1,1,0
BRDA:39,2,0,0
BRDA:39,2,1,0
BRDA:68,3,0,0
BRDA:68,3,1,0
BRDA:85,4,0,0
BRDA:85,4,1,0
BRF:10
BRH:0
end_of_record
TN:
SF:/Users/gxs/Workspaces/xchanming/cicada/src/Storefront/Resources/app/storefront/src/plugin/image-zoom/image-zoom.plugin.js
FN:87,(anonymous_0)
FN:111,(anonymous_1)
FN:121,(anonymous_2)
FN:132,(anonymous_3)
FN:133,(anonymous_4)
FN:134,(anonymous_5)
FN:135,(anonymous_6)
FN:136,(anonymous_7)
FN:138,(anonymous_8)
FN:139,(anonymous_9)
FN:140,(anonymous_10)
FN:142,(anonymous_11)
FN:143,(anonymous_12)
FN:144,(anonymous_13)
FN:154,(anonymous_14)
FN:166,(anonymous_15)
FN:183,(anonymous_16)
FN:203,(anonymous_17)
FN:226,(anonymous_18)
FN:242,(anonymous_19)
FN:262,(anonymous_20)
FN:279,(anonymous_21)
FN:294,(anonymous_22)
FN:309,(anonymous_23)
FN:322,(anonymous_24)
FN:335,(anonymous_25)
FN:361,(anonymous_26)
FN:392,(anonymous_27)
FN:401,(anonymous_28)
FN:413,(anonymous_29)
FN:425,(anonymous_30)
FN:435,(anonymous_31)
FN:450,(anonymous_32)
FN:466,(anonymous_33)
FN:477,(anonymous_34)
FN:492,(anonymous_35)
FN:507,(anonymous_36)
FNF:37
FNH:0
FNDA:0,(anonymous_0)
FNDA:0,(anonymous_1)
FNDA:0,(anonymous_2)
FNDA:0,(anonymous_3)
FNDA:0,(anonymous_4)
FNDA:0,(anonymous_5)
FNDA:0,(anonymous_6)
FNDA:0,(anonymous_7)
FNDA:0,(anonymous_8)
FNDA:0,(anonymous_9)
FNDA:0,(anonymous_10)
FNDA:0,(anonymous_11)
FNDA:0,(anonymous_12)
FNDA:0,(anonymous_13)
FNDA:0,(anonymous_14)
FNDA:0,(anonymous_15)
FNDA:0,(anonymous_16)
FNDA:0,(anonymous_17)
FNDA:0,(anonymous_18)
FNDA:0,(anonymous_19)
FNDA:0,(anonymous_20)
FNDA:0,(anonymous_21)
FNDA:0,(anonymous_22)
FNDA:0,(anonymous_23)
FNDA:0,(anonymous_24)
FNDA:0,(anonymous_25)
FNDA:0,(anonymous_26)
FNDA:0,(anonymous_27)
FNDA:0,(anonymous_28)
FNDA:0,(anonymous_29)
FNDA:0,(anonymous_30)
FNDA:0,(anonymous_31)
FNDA:0,(anonymous_32)
FNDA:0,(anonymous_33)
FNDA:0,(anonymous_34)
FNDA:0,(anonymous_35)
FNDA:0,(anonymous_36)
DA:11,0
DA:88,0
DA:89,0
DA:90,0
DA:91,0
DA:92,0
DA:94,0
DA:95,0
DA:96,0
DA:98,0
DA:99,0
DA:100,0
DA:102,0
DA:103,0
DA:104,0
DA:105,0
DA:112,0
DA:113,0
DA:122,0
DA:123,0
DA:124,0
DA:133,0
DA:134,0
DA:135,0
DA:136,0
DA:138,0
DA:139,0
DA:140,0
DA:142,0
DA:143,0
DA:144,0
DA:155,0
DA:157,0
DA:167,0
DA:168,0
DA:169,0
DA:170,0
[...]
FNDA:0,(anonymous_5)
FNDA:0,(anonymous_6)
FNDA:0,(anonymous_7)
FNDA:0,(anonymous_8)
FNDA:0,(anonymous_9)
FNDA:0,(anonymous_10)
FNDA:0,(anonymous_11)
FNDA:0,(anonymous_12)
FNDA:0,(anonymous_13)
FNDA:0,(anonymous_14)
FNDA:0,(anonymous_15)
FNDA:0,(anonymous_16)
FNDA:0,(anonymous_17)
FNDA:0,(anonymous_18)
DA:18,0
DA:28,0
DA:29,0
DA:30,0
DA:31,0
DA:32,0
DA:34,0
DA:35,0
DA:36,0
DA:37,0
DA:46,0
DA:47,0
DA:58,0
DA:59,0
DA:60,0
DA:61,0
DA:62,0
DA:75,0
DA:85,0
DA:86,0
DA:87,0
DA:89,0
DA:91,0
DA:96,0
DA:97,0
DA:98,0
DA:100,0
DA:103,0
DA:104,0
DA:115,0
DA:116,0
DA:119,0
DA:129,0
DA:130,0
DA:131,0
DA:132,0
DA:133,0
DA:134,0
DA:140,0
DA:141,0
DA:142,0
DA:143,0
DA:144,0
DA:149,0
DA:162,0
DA:171,0
DA:172,0
DA:173,0
DA:186,0
DA:188,0
DA:190,0
DA:191,0
DA:192,0
DA:201,0
DA:208,0
LF:55
LH:0
BRDA:46,0,0,0
BRDA:46,0,1,0
BRDA:58,1,0,0
BRDA:58,1,1,0
BRDA:60,2,0,0
BRDA:60,2,1,0
BRDA:61,3,0,0
BRDA:61,3,1,0
BRDA:96,4,0,0
BRDA:96,4,1,0
BRDA:96,5,0,0
BRDA:96,5,1,0
BRDA:115,6,0,0
BRDA:115,6,1,0
BRDA:130,7,0,0
BRDA:130,7,1,0
BRDA:132,8,0,0
BRDA:132,8,1,0
BRDA:133,9,0,0
BRDA:133,9,1,0
BRDA:140,10,0,0
BRDA:140,10,1,0
BRDA:142,11,0,0
BRDA:142,11,1,0
BRDA:162,12,0,0
BRDA:162,12,1,0
BRDA:162,12,2,0
BRDA:172,13,0,0
BRDA:172,13,1,0
BRF:29
BRH:0
end_of_record
TN:
SF:/Users/gxs/Workspaces/xchanming/cicada/src/Storefront/Resources/app/storefront/src/plugin/wishlist/add-to-wishlist.plugin.js
FN:15,(anonymous_0)
FN:38,(anonymous_1)
FN:51,(anonymous_2)
FN:57,(anonymous_3)
FN:70,(anonymous_4)
FN:89,(anonymous_5)
FN:103,(anonymous_6)
FNF:7
FNH:0
FNDA:0,(anonymous_0)
FNDA:0,(anonymous_1)
FNDA:0,(anonymous_2)
FNDA:0,(anonymous_3)
FNDA:0,(anonymous_4)
FNDA:0,(anonymous_5)
FNDA:0,(anonymous_6)
DA:8,0
DA:16,0
DA:21,0
DA:23,0
DA:25,0
DA:26,0
DA:27,0
DA:30,0
DA:31,0
DA:39,0
DA:41,0
DA:42,0
DA:45,0
DA:52,0
DA:54,0
DA:58,0
DA:59,0
DA:61,0
DA:64,0
DA:71,0
DA:73,0
DA:74,0
DA:77,0
DA:79,0
DA:80,0
DA:82,0
DA:90,0
DA:91,0
DA:93,0
DA:95,0
DA:96,0
DA:104,0
DA:105,0
DA:107,0
DA:109,0
DA:110,0
LF:36
LH:0
BRDA:25,0,0,0
BRDA:25,0,1,0
BRDA:41,1,0,0
BRDA:41,1,1,0
BRDA:58,2,0,0
BRDA:58,2,1,0
BRDA:73,3,0,0
BRDA:73,3,1,0
BRDA:79,4,0,0
BRDA:79,4,1,0
BRDA:95,5,0,0
BRDA:95,5,1,0
BRDA:109,6,0,0
BRDA:109,6,1,0
BRF:14
BRH:0
end_of_record
TN:
SF:/Users/gxs/Workspaces/xchanming/cicada/src/Storefront/Resources/app/storefront/src/plugin/wishlist/base-wishlist-storage.plugin.js
FN:7,(anonymous_0)
FN:11,(anonymous_1)
FN:17,(anonymous_2)
FN:21,(anonymous_3)
FN:30,(anonymous_4)
FN:39,(anonymous_5)
FN:43,(anonymous_6)
FNF:7
FNH:0
FNDA:0,(anonymous_0)
FNDA:0,(anonymous_1)
FNDA:0,(anonymous_2)
FNDA:0,(anonymous_3)
FNDA:0,(anonymous_4)
FNDA:0,(anonymous_5)
FNDA:0,(anonymous_6)
DA:8,0
DA:12,0
DA:18,0
DA:22,0
DA:24,0
DA:31,0
DA:33,0
DA:40,0
DA:44,0
LF:9
LH:0
BRDA:40,0,0,0
BRDA:40,0,1,0
BRF:2
BRH:0
end_of_record
TN:
SF:/Users/gxs/Workspaces/xchanming/cicada/src/Storefront/Resources/app/storefront/src/plugin/wishlist/guest-wishlist-page.plugin.js
FN:9,(anonymous_0)
FN:21,(anonymous_1)
FN:35,(anonymous_2)
FN:37,(anonymous_3)
FN:38,(anonymous_4)
FN:39,(anonymous_5)
FN:43,(anonymous_6)
FN:52,(anonymous_7)
FN:65,(anonymous_8)
FN:66,(anonymous_9)
FN:86,(anonymous_10)
FN:89,(anonymous_11)
FN:96,(anonymous_12)
FNF:13
FNH:0
FNDA:0,(anonymous_0)
FNDA:0,(anonymous_1)
FNDA:0,(anonymous_2)
FNDA:0,(anonymous_3)
FNDA:0,(anonymous_4)
FNDA:0,(anonymous_5)
FNDA:0,(anonymous_6)
FNDA:0,(anonymous_7)
FNDA:0,(anonymous_8)
FNDA:0,(anonymous_9)
FNDA:0,(anonymous_10)
FNDA:0,(anonymous_11)
FNDA:0,(anonymous_12)
DA:10,0
DA:12,0
DA:13,0
DA:15,0
DA:22,0
DA:24,0
DA:25,0
DA:28,0
DA:29,0
DA:36,0
DA:37,0
DA:38,0
DA:39,0
DA:41,0
DA:44,0
DA:45,0
DA:47,0
DA:48,0
DA:51,0
DA:52,0
DA:53,0
DA:57,0
DA:58,0
DA:66,0
DA:67,0
DA:68,0
DA:69,0
DA:71,0
DA:72,0
DA:73,0
DA:74,0
DA:76,0
DA:77,0
DA:87,0
DA:89,0
DA:90,0
DA:91,0
DA:93,0
DA:96,0
DA:97,0
DA:98,0
LF:41
LH:0
BRDA:24,0,0,0
BRDA:24,0,1,0
BRDA:47,1,0,0
BRDA:47,1,1,0
BRDA:47,2,0,0
BRDA:47,2,1,0
BRDA:51,3,0,0
BRDA:51,3,1,0
BRDA:51,4,0,0
BRDA:51,4,1,0
BRDA:71,5,0,0
BRDA:71,5,1,0
BRDA:76,6,0,0
BRDA:76,6,1,0
BRDA:97,7,0,0
BRDA:97,7,1,0
BRF:16
BRH:0
end_of_record
TN:
SF:/Users/gxs/Workspaces/xchanming/cicada/src/Storefront/Resources/app/storefront/src/plugin/wishlist/local-wishlist.plugin.js
FN:9,(anonymous_0)
FN:18,(anonymous_1)
FN:24,(anonymous_2)
FN:38,(anonymous_3)
FN:47,(anonymous_4)
FN:74,(anonymous_5)
FN:85,(anonymous_6)
FN:89,(anonymous_7)
FN:93,(anonymous_8)
FN:94,(anonymous_9)
FNF:10
FNH:0
FNDA:0,(anonymous_0)
FNDA:0,(anonymous_1)
FNDA:0,(anonymous_2)
FNDA:0,(anonymous_3)
FNDA:0,(anonymous_4)
FNDA:0,(anonymous_5)
FNDA:0,(anonymous_6)
FNDA:0,(anonymous_7)
FNDA:0,(anonymous_8)
FNDA:0,(anonymous_9)
DA:10,0
DA:12,0
DA:14,0
DA:15,0
DA:19,0
DA:21,0
DA:25,0
DA:26,0
DA:28,0
DA:30,0
DA:33,0
DA:35,0
DA:39,0
DA:41,0
DA:48,0
DA:49,0
DA:52,0
DA:53,0
DA:56,0
DA:58,0
DA:59,0
DA:62,0
DA:63,0
DA:65,0
DA:67,0
DA:75,0
DA:76,0
DA:78,0
DA:86,0
DA:90,0
DA:92,0
DA:93,0
DA:94,0
DA:95,0
LF:34
LH:0
BRDA:25,0,0,0
BRDA:25,0,1,0
BRDA:25,1,0,0
BRDA:25,1,1,0
BRDA:48,2,0,0
BRDA:48,2,1,0
BRDA:48,3,0,0
BRDA:48,3,1,0
BRDA:52,4,0,0
BRDA:52,4,1,0
BRDA:58,5,0,0
BRDA:58,5,1,0
BRDA:65,6,0,0
BRDA:65,6,1,0
BRDA:75,7,0,0
BRDA:75,7,1,0
BRDA:75,8,0,0
BRDA:75,8,1,0
BRDA:86,9,0,0
BRDA:86,9,1,0
BRDA:92,10,0,0
BRDA:92,10,1,0
BRF:22
BRH:0
end_of_record
TN:
SF:/Users/gxs/Workspaces/xchanming/cicada/src/Storefront/Resources/app/storefront/src/plugin/wishlist/persist-wishlist.plugin.js
FN:10,(anonymous_0)
FN:16,(anonymous_1)
FN:17,(anonymous_2)
FN:18,(anonymous_3)
FN:26,(anonymous_4)
FN:27,(anonymous_5)
FN:40,(anonymous_6)
FN:41,(anonymous_7)
FN:59,(anonymous_8)
FN:70,(anonymous_9)
FN:92,(anonymous_10)
FN:93,(anonymous_11)
FNF:12
FNH:0
FNDA:0,(anonymous_0)
FNDA:0,(anonymous_1)
FNDA:0,(anonymous_2)
FNDA:0,(anonymous_3)
FNDA:0,(anonymous_4)
FNDA:0,(anonymous_5)
FNDA:0,(anonymous_6)
FNDA:0,(anonymous_7)
FNDA:0,(anonymous_8)
FNDA:0,(anonymous_9)
FNDA:0,(anonymous_10)
FNDA:0,(anonymous_11)
DA:11,0
DA:12,0
DA:13,0
DA:17,0
DA:18,0
DA:19,0
DA:21,0
DA:27,0
DA:28,0
DA:30,0
DA:31,0
DA:33,0
DA:36,0
DA:41,0
DA:42,0
DA:44,0
DA:45,0
DA:46,0
DA:48,0
DA:50,0
DA:60,0
DA:61,0
DA:63,0
DA:65,0
DA:67,0
DA:68,0
DA:71,0
DA:72,0
DA:75,0
DA:79,0
DA:80,0
DA:81,0
DA:82,0
DA:83,0
DA:86,0
DA:93,0
DA:94,0
DA:95,0
DA:98,0
DA:99,0
LF:40
LH:0
BRDA:30,0,0,0
BRDA:30,0,1,0
BRDA:44,1,0,0
BRDA:44,1,1,0
BRDA:45,2,0,0
BRDA:45,2,1,0
BRDA:61,3,0,0
BRDA:61,3,1,0
BRDA:67,4,0,0
BRDA:67,4,1,0
BRDA:71,5,0,0
BRDA:71,5,1,0
BRDA:94,6,0,0
BRDA:94,6,1,0
BRF:14
BRH:0
end_of_record
TN:
SF:/Users/gxs/Workspaces/xchanming/cicada/src/Storefront/Resources/app/storefront/src/plugin/zoom-modal/zoom-modal.plugin.js
FN:76,(anonymous_0)
FN:89,(anonymous_1)
FN:93,(anonymous_2)
FN:105,(anonymous_3)
FN:124,(anonymous_4)
FN:141,(anonymous_5)
FN:159,(anonymous_6)
FN:166,(anonymous_7)
FN:180,(anonymous_8)
FN:188,(anonymous_9)
FN:195,(anonymous_10)
FN:213,(anonymous_11)
FN:226,(anonymous_12)
FN:231,(anonymous_13)
FN:240,(anonymous_14)
FN:265,(anonymous_15)
FN:269,(anonymous_16)
FN:277,(anonymous_17)
FN:295,(anonymous_18)
FN:333,(anonymous_19)
FN:347,(anonymous_20)
FN:375,(anonymous_21)
FN:396,(anonymous_22)
FN:417,(anonymous_23)
FNF:24
FNH:0
FNDA:0,(anonymous_0)
FNDA:0,(anonymous_1)
FNDA:0,(anonymous_2)
FNDA:0,(anonymous_3)
FNDA:0,(anonymous_4)
FNDA:0,(anonymous_5)
FNDA:0,(anonymous_6)
FNDA:0,(anonymous_7)
FNDA:0,(anonymous_8)
FNDA:0,(anonymous_9)
FNDA:0,(anonymous_10)
FNDA:0,(anonymous_11)
FNDA:0,(anonymous_12)
FNDA:0,(anonymous_13)
FNDA:0,(anonymous_14)
FNDA:0,(anonymous_15)
FNDA:0,(anonymous_16)
FNDA:0,(anonymous_17)
FNDA:0,(anonymous_18)
FNDA:0,(anonymous_19)
FNDA:0,(anonymous_20)
FNDA:0,(anonymous_21)
FNDA:0,(anonymous_22)
FNDA:0,(anonymous_23)
DA:12,0
DA:77,0
DA:78,0
DA:79,0
DA:80,0
DA:81,0
DA:82,0
DA:90,0
DA:93,0
DA:94,0
DA:95,0
DA:97,0
DA:98,0
DA:100,0
DA:101,0
DA:105,0
DA:106,0
DA:107,0
DA:109,0
DA:110,0
DA:112,0
DA:113,0
DA:115,0
DA:116,0
DA:125,0
DA:126,0
DA:127,0
DA:128,0
DA:131,0
DA:133,0
DA:135,0
DA:136,0
DA:138,0
DA:142,0
DA:143,0
DA:146,0
DA:148,0
DA:150,0
DA:151,0
DA:153,0
DA:160,0
DA:167,0
DA:168,0
DA:169,0
DA:173,0
DA:181,0
DA:182,0
DA:189,0
DA:197,0
DA:198,0
DA:201,0
DA:202,0
DA:205,0
DA:214,0
DA:215,0
DA:218,0
DA:219,0
DA:220,0
DA:223,0
DA:224,0
DA:226,0
DA:227,0
DA:228,0
DA:230,0
DA:231,0
DA:232,0
DA:235,0
DA:236,0
DA:240,0
DA:241,0
DA:244,0
DA:245,0
DA:249,0
DA:250,0
DA:252,0
DA:253,0
DA:254,0
DA:266,0
DA:268,0
DA:269,0
DA:270,0
DA:271,0
DA:273,0
DA:277,0
DA:278,0
DA:281,0
DA:282,0
DA:284,0
DA:285,0
DA:287,0
DA:296,0
DA:298,0
DA:299,0
DA:302,0
DA:303,0
DA:305,0
DA:306,0
DA:307,0
DA:309,0
DA:312,0
DA:334,0
DA:335,0
DA:336,0
DA:338,0
DA:348,0
DA:349,0
DA:352,0
DA:353,0
DA:355,0
DA:357,0
DA:358,0
DA:360,0
DA:362,0
DA:367,0
DA:376,0
DA:377,0
DA:379,0
DA:380,0
DA:382,0
DA:383,0
DA:384,0
DA:386,0
DA:397,0
DA:399,0
DA:401,0
DA:402,0
DA:404,0
DA:405,0
DA:409,0
DA:418,0
DA:419,0
DA:420,0
LF:132
LH:0
BRDA:90,0,0,0
BRDA:90,0,1,0
BRDA:125,1,0,0
BRDA:125,1,1,0
BRDA:125,2,0,0
BRDA:125,2,1,0
BRDA:142,3,0,0
BRDA:142,3,1,0
BRDA:167,4,0,0
BRDA:167,4,1,0
BRDA:168,5,0,0
BRDA:168,5,1,0
BRDA:201,6,0,0
BRDA:201,6,1,0
BRDA:218,7,0,0
BRDA:218,7,1,0
BRDA:230,8,0,0
BRDA:230,8,1,0
BRDA:235,9,0,0
BRDA:235,9,1,0
BRDA:244,10,0,0
BRDA:244,10,1,0
BRDA:252,11,0,0
BRDA:252,11,1,0
BRDA:268,12,0,0
BRDA:268,12,1,0
BRDA:298,13,0,0
BRDA:298,13,1,0
BRDA:305,14,0,0
BRDA:305,14,1,0
BRDA:305,15,0,0
BRDA:305,15,1,0
BRDA:348,16,0,0
BRDA:348,16,1,0
BRDA:352,17,0,0
BRDA:352,17,1,0
BRDA:377,18,0,0
BRDA:377,18,1,0
BRDA:380,19,0,0
BRDA:380,19,1,0
BRDA:383,20,0,0
BRDA:383,20,1,0
BRDA:401,21,0,0
BRDA:401,21,1,0
BRDA:404,22,0,0
BRDA:404,22,1,0
BRDA:418,23,0,0
BRDA:418,23,1,0
BRF:48
BRH:0
end_of_record
TN:
SF:/Users/gxs/Workspaces/xchanming/cicada/src/Storefront/Resources/app/storefront/src/service/app-client.service.ts
FN:10,(anonymous_0)
FN:20,(anonymous_1)
FN:26,(anonymous_2)
FN:32,(anonymous_3)
FN:38,(anonymous_4)
FN:47,(anonymous_5)
FN:52,(anonymous_6)
FN:56,(anonymous_7)
FN:81,(anonymous_8)
FN:104,(anonymous_9)
FNF:10
FNH:0
FNDA:0,(anonymous_0)
FNDA:0,(anonymous_1)
FNDA:0,(anonymous_2)
FNDA:0,(anonymous_3)
FNDA:0,(anonymous_4)
FNDA:0,(anonymous_5)
FNDA:0,(anonymous_6)
FNDA:0,(anonymous_7)
FNDA:0,(anonymous_8)
FNDA:0,(anonymous_9)
DA:11,0
DA:13,0
DA:14,0
DA:16,0
DA:21,0
DA:23,0
DA:27,0
DA:29,0
DA:33,0
DA:35,0
DA:39,0
DA:41,0
DA:48,0
DA:53,0
DA:57,0
DA:58,0
DA:59,0
DA:61,0
DA:63,0
DA:67,0
DA:70,0
DA:71,0
DA:74,0
DA:78,0
DA:83,0
DA:85,0
DA:89,0
DA:90,0
DA:93,0
DA:95,0
DA:105,0
DA:106,0
DA:110,0
DA:112,0
LF:34
LH:0
BRDA:20,0,0,0
BRDA:26,1,0,0
BRDA:32,2,0,0
BRDA:38,3,0,0
BRDA:58,4,0,0
BRDA:58,4,1,0
BRDA:70,5,0,0
BRDA:70,5,1,0
BRDA:89,6,0,0
BRDA:89,6,1,0
BRDA:105,7,0,0
BRDA:105,7,1,0
BRF:12
BRH:0
end_of_record
TN:
SF:/Users/gxs/Workspaces/xchanming/cicada/src/Storefront/Resources/app/storefront/src/service/http-client.service.js
FN:5,(anonymous_0)
FN:19,(anonymous_1)
FN:35,(anonymous_2)
FN:58,(anonymous_3)
FN:80,(anonymous_4)
FN:97,(anonymous_5)
FN:108,(anonymous_6)
FN:119,(anonymous_7)
FN:125,(anonymous_8)
FN:128,(anonymous_9)
FN:131,(anonymous_10)
FN:134,(anonymous_11)
FN:138,(anonymous_12)
FN:144,(anonymous_13)
FN:159,(anonymous_14)
FN:182,(anonymous_15)
FNF:16
FNH:0
FNDA:0,(anonymous_0)
FNDA:0,(anonymous_1)
FNDA:0,(anonymous_2)
FNDA:0,(anonymous_3)
FNDA:0,(anonymous_4)
FNDA:0,(anonymous_5)
FNDA:0,(anonymous_6)
FNDA:0,(anonymous_7)
FNDA:0,(anonymous_8)
FNDA:0,(anonymous_9)
FNDA:0,(anonymous_10)
FNDA:0,(anonymous_11)
FNDA:0,(anonymous_12)
FNDA:0,(anonymous_13)
FNDA:0,(anonymous_14)
FNDA:0,(anonymous_15)
DA:6,0
DA:7,0
DA:20,0
DA:22,0
DA:41,0
DA:42,0
DA:44,0
DA:64,0
DA:65,0
DA:67,0
DA:86,0
DA:87,0
DA:89,0
DA:98,0
DA:99,0
DA:109,0
DA:120,0
DA:121,0
DA:124,0
DA:125,0
DA:126,0
DA:128,0
DA:129,0
DA:131,0
DA:132,0
DA:134,0
DA:135,0
DA:138,0
DA:139,0
DA:145,0
DA:146,0
DA:147,0
DA:165,0
DA:166,0
DA:169,0
DA:183,0
DA:185,0
DA:186,0
DA:188,0
DA:189,0
DA:192,0
LF:41
LH:0
BRDA:19,0,0,0
BRDA:39,1,0,0
BRDA:62,2,0,0
BRDA:84,3,0,0
BRDA:98,4,0,0
BRDA:98,4,1,0
BRDA:120,5,0,0
BRDA:120,5,1,0
BRDA:124,6,0,0
BRDA:124,6,1,0
BRDA:165,7,0,0
BRDA:165,7,1,0
BRDA:188,8,0,0
BRDA:188,8,1,0
BRF:14
BRH:0
end_of_record
TN:
SF:/Users/gxs/Workspaces/xchanming/cicada/src/Storefront/Resources/app/storefront/src/utility/backdrop/backdrop.util.js
FN:23,(anonymous_0)
FN:35,(anonymous_1)
FN:46,(anonymous_2)
FN:62,(anonymous_3)
FN:65,(anonymous_4)
FN:78,(anonymous_5)
FN:81,(anonymous_6)
FN:93,(anonymous_7)
FN:101,(anonymous_8)
FN:104,(anonymous_9)
FN:112,(anonymous_10)
FN:121,(anonymous_11)
FN:138,(anonymous_12)
FN:146,(anonymous_13)
FN:154,(anonymous_14)
FNF:15
FNH:0
FNDA:0,(anonymous_0)
FNDA:0,(anonymous_1)
FNDA:0,(anonymous_2)
FNDA:0,(anonymous_3)
FNDA:0,(anonymous_4)
FNDA:0,(anonymous_5)
FNDA:0,(anonymous_6)
FNDA:0,(anonymous_7)
FNDA:0,(anonymous_8)
FNDA:0,(anonymous_9)
FNDA:0,(anonymous_10)
FNDA:0,(anonymous_11)
FNDA:0,(anonymous_12)
FNDA:0,(anonymous_13)
FNDA:0,(anonymous_14)
DA:4,0
DA:5,0
DA:6,0
DA:8,0
DA:10,0
DA:24,0
DA:25,0
DA:27,0
DA:37,0
DA:39,0
DA:40,0
DA:43,0
DA:46,0
DA:47,0
DA:50,0
DA:51,0
DA:55,0
DA:64,0
DA:65,0
DA:68,0
DA:71,0
DA:79,0
DA:81,0
DA:82,0
DA:83,0
DA:94,0
DA:102,0
DA:103,0
DA:104,0
DA:113,0
DA:122,0
DA:130,0
DA:139,0
DA:147,0
DA:155,0
LF:35
LH:0
BRDA:24,0,0,0
BRDA:24,0,1,0
BRDA:50,1,0,0
BRDA:50,1,1,0
BRDA:62,2,0,0
BRDA:79,3,0,0
BRDA:79,3,1,0
BRDA:82,4,0,0
BRDA:82,4,1,0
BRDA:102,5,0,0
BRDA:102,5,1,0
BRDA:138,6,0,0
BRDA:146,7,0,0
BRF:13
BRH:0
end_of_record
TN:
SF:/Users/gxs/Workspaces/xchanming/cicada/src/Storefront/Resources/app/storefront/src/utility/bootstrap/bootstrap.util.js
FN:13,(anonymous_0)
FN:23,(anonymous_1)
FN:30,(anonymous_2)
FNF:3
FNH:0
FNDA:0,(anonymous_0)
FNDA:0,(anonymous_1)
FNDA:0,(anonymous_2)
DA:1,0
DA:2,0
DA:14,0
DA:24,0
DA:31,0
DA:32,0
LF:6
LH:0
BRF:0
BRH:0
end_of_record
TN:
SF:/Users/gxs/Workspaces/xchanming/cicada/src/Storefront/Resources/app/storefront/src/utility/form/form-serialize.util.js
FN:18,(anonymous_0)
FN:40,(anonymous_1)
FN:47,(anonymous_2)
FNF:3
FNH:0
FNDA:0,(anonymous_0)
FNDA:0,(anonymous_1)
FNDA:0,(anonymous_2)
DA:20,0
DA:21,0
DA:22,0
DA:25,0
DA:28,0
DA:41,0
DA:42,0
DA:43,0
DA:45,0
DA:47,0
DA:49,0
LF:11
LH:0
BRDA:18,0,0,0
BRDA:20,1,0,0
BRDA:20,1,1,0
BRDA:21,2,0,0
BRDA:21,2,1,0
BRDA:40,3,0,0
BRDA:42,4,0,0
BRDA:42,4,1,0
BRF:8
BRH:0
end_of_record
TN:
SF:/Users/gxs/Workspaces/xchanming/cicada/src/Storefront/Resources/app/storefront/src/utility/history/history.util.js
FN:9,(anonymous_0)
FN:16,(anonymous_1)
FN:27,(anonymous_2)
FN:37,(anonymous_3)
FN:48,(anonymous_4)
FN:59,(anonymous_5)
FN:69,(anonymous_6)
FN:83,(anonymous_7)
FN:91,(anonymous_8)
FN:107,(anonymous_9)
FN:118,(anonymous_10)
FN:128,(anonymous_11)
FN:139,(anonymous_12)
FN:149,(anonymous_13)
FN:159,(anonymous_14)
FN:169,(anonymous_15)
FN:178,(anonymous_16)
FNF:17
FNH:0
FNDA:0,(anonymous_0)
FNDA:0,(anonymous_1)
FNDA:0,(anonymous_2)
FNDA:0,(anonymous_3)
FNDA:0,(anonymous_4)
FNDA:0,(anonymous_5)
FNDA:0,(anonymous_6)
FNDA:0,(anonymous_7)
FNDA:0,(anonymous_8)
FNDA:0,(anonymous_9)
FNDA:0,(anonymous_10)
FNDA:0,(anonymous_11)
FNDA:0,(anonymous_12)
FNDA:0,(anonymous_13)
FNDA:0,(anonymous_14)
FNDA:0,(anonymous_15)
FNDA:0,(anonymous_16)
DA:10,0
DA:17,0
DA:28,0
DA:38,0
DA:49,0
DA:60,0
DA:70,0
DA:71,0
DA:72,0
DA:74,0
DA:84,0
DA:85,0
DA:86,0
DA:88,0
DA:92,0
DA:100,0
DA:108,0
DA:119,0
DA:129,0
DA:140,0
DA:150,0
DA:160,0
DA:170,0
DA:179,0
LF:24
LH:0
BRF:0
BRH:0
end_of_record
TN:
SF:/Users/gxs/Workspaces/xchanming/cicada/src/Storefront/Resources/app/storefront/src/utility/loading-indicator/button-loading-indicator.util.js
FN:13,(anonymous_0)
FN:24,(anonymous_1)
FN:37,(anonymous_2)
FN:52,(anonymous_3)
FN:61,(anonymous_4)
FNF:5
FNH:0
FNDA:0,(anonymous_0)
FNDA:0,(anonymous_1)
FNDA:0,(anonymous_2)
FNDA:0,(anonymous_3)
FNDA:0,(anonymous_4)
DA:14,0
DA:16,0
DA:17,0
DA:25,0
DA:27,0
DA:28,0
DA:29,0
DA:30,0
DA:38,0
DA:40,0
DA:41,0
DA:42,0
DA:43,0
DA:53,0
DA:62,0
LF:15
LH:0
BRDA:13,0,0,0
BRDA:16,1,0,0
BRDA:16,1,1,0
BRDA:16,2,0,0
BRDA:16,2,1,0
BRDA:27,3,0,0
BRDA:27,3,1,0
BRDA:29,4,0,0
BRDA:29,4,1,0
BRDA:40,5,0,0
BRDA:40,5,1,0
BRDA:42,6,0,0
BRDA:42,6,1,0
BRF:13
BRH:0
end_of_record
TN:
SF:/Users/gxs/Workspaces/xchanming/cicada/src/Storefront/Resources/app/storefront/src/utility/loading-indicator/element-loading-indicator.util.js
FN:16,(anonymous_0)
FN:20,(anonymous_1)
FN:35,(anonymous_2)
FN:52,(anonymous_3)
FN:62,(anonymous_4)
FN:77,(anonymous_5)
FNF:6
FNH:0
FNDA:0,(anonymous_0)
FNDA:0,(anonymous_1)
FNDA:0,(anonymous_2)
FNDA:0,(anonymous_3)
FNDA:0,(anonymous_4)
FNDA:0,(anonymous_5)
DA:3,0
DA:4,0
DA:17,0
DA:18,0
DA:19,0
DA:20,0
DA:21,0
DA:22,0
DA:23,0
DA:26,0
DA:36,0
DA:37,0
DA:38,0
DA:39,0
DA:42,0
DA:53,0
DA:63,0
DA:78,0
LF:18
LH:0
BRDA:18,0,0,0
BRDA:18,0,1,0
BRDA:22,1,0,0
BRDA:22,1,1,0
BRDA:38,2,0,0
BRDA:38,2,1,0
BRF:6
BRH:0
end_of_record
TN:
SF:/Users/gxs/Workspaces/xchanming/cicada/src/Storefront/Resources/app/storefront/src/utility/loading-indicator/loading-indicator.util.js
FN:22,(anonymous_0)
FN:30,(anonymous_1)
FN:45,(anonymous_2)
FN:47,(anonymous_3)
FN:55,(anonymous_4)
FN:65,(anonymous_5)
FN:73,(anonymous_6)
FN:84,(anonymous_7)
FNF:8
FNH:1
FNDA:0,(anonymous_0)
FNDA:0,(anonymous_1)
FNDA:0,(anonymous_2)
FNDA:0,(anonymous_3)
FNDA:0,(anonymous_4)
FNDA:0,(anonymous_5)
FNDA:3,(anonymous_6)
FNDA:0,(anonymous_7)
DA:3,1
DA:4,1
DA:6,1
DA:23,0
DA:24,0
DA:31,0
DA:33,0
DA:34,0
DA:36,0
DA:39,0
DA:46,0
DA:47,0
DA:56,0
DA:66,0
DA:74,3
DA:85,0
LF:16
LH:4
BRDA:22,0,0,0
BRDA:23,1,0,0
BRDA:23,1,1,0
BRDA:31,2,0,0
BRDA:31,2,1,0
BRDA:33,3,0,0
BRDA:33,3,1,0
BRDA:66,4,0,0
BRDA:66,4,1,0
BRF:9
BRH:0
end_of_record
TN:
SF:/Users/gxs/Workspaces/xchanming/cicada/src/Storefront/Resources/app/storefront/src/utility/loading-indicator/page-loading-indicator.util.js
FN:12,(anonymous_0)
FN:22,(anonymous_1)
FN:38,(anonymous_2)
FN:60,(anonymous_3)
FN:70,(anonymous_4)
FNF:5
FNH:0
FNDA:0,(anonymous_0)
FNDA:0,(anonymous_1)
FNDA:0,(anonymous_2)
FNDA:0,(anonymous_3)
FNDA:0,(anonymous_4)
DA:13,0
DA:23,0
DA:25,0
DA:26,0
DA:27,0
DA:28,0
DA:39,0
DA:41,0
DA:42,0
DA:51,0
DA:61,0
DA:71,0
LF:12
LH:0
BRDA:22,0,0,0
BRDA:23,1,0,0
BRDA:23,1,1,0
BRDA:25,2,0,0
BRDA:25,2,1,0
BRDA:38,3,0,0
BRDA:41,4,0,0
BRDA:41,4,1,0
BRDA:60,5,0,0
BRDA:70,6,0,0
BRF:10
BRH:0
end_of_record
TN:
SF:/Users/gxs/Workspaces/xchanming/cicada/src/Storefront/Resources/app/storefront/src/utility/modal-extension/pseudo-modal.util.js
FN:14,(anonymous_0)
FN:34,(anonymous_1)
FN:43,(anonymous_2)
FN:55,(anonymous_3)
FN:64,(anonymous_4)
FN:76,(anonymous_5)
FN:92,(anonymous_6)
FN:114,(anonymous_7)
FN:126,(anonymous_8)
FN:143,(anonymous_9)
FN:161,(anonymous_10)
FN:178,(anonymous_11)
FN:199,(anonymous_12)
FN:213,(anonymous_13)
FNF:14
FNH:0
FNDA:0,(anonymous_0)
FNDA:0,(anonymous_1)
FNDA:0,(anonymous_2)
FNDA:0,(anonymous_3)
FNDA:0,(anonymous_4)
FNDA:0,(anonymous_5)
FNDA:0,(anonymous_6)
FNDA:0,(anonymous_7)
FNDA:0,(anonymous_8)
FNDA:0,(anonymous_9)
FNDA:0,(anonymous_10)
FNDA:0,(anonymous_11)
FNDA:0,(anonymous_12)
FNDA:0,(anonymous_13)
DA:4,0
DA:5,0
DA:6,0
DA:7,0
DA:8,0
DA:21,0
DA:22,0
DA:23,0
DA:24,0
DA:25,0
DA:35,0
DA:36,0
DA:37,0
DA:44,0
DA:46,0
DA:47,0
DA:56,0
DA:58,0
DA:65,0
DA:77,0
DA:78,0
DA:79,0
DA:81,0
DA:82,0
DA:93,0
DA:94,0
DA:95,0
DA:96,0
DA:99,0
DA:100,0
DA:101,0
DA:104,0
DA:106,0
DA:115,0
DA:117,0
DA:118,0
DA:126,0
DA:127,0
DA:128,0
DA:132,0
DA:144,0
DA:145,0
DA:146,0
DA:147,0
DA:149,0
DA:153,0
DA:162,0
DA:164,0
DA:165,0
DA:166,0
DA:179,0
DA:181,0
DA:182,0
DA:185,0
DA:186,0
DA:188,0
DA:190,0
DA:200,0
DA:201,0
DA:202,0
DA:214,0
DA:215,0
DA:217,0
DA:219,0
DA:220,0
DA:221,0
DA:224,0
DA:225,0
DA:226,0
DA:227,0
DA:228,0
LF:71
LH:0
BRDA:16,0,0,0
BRDA:17,1,0,0
BRDA:18,2,0,0
BRDA:19,3,0,0
BRDA:34,4,0,0
BRDA:56,5,0,0
BRDA:56,5,1,0
BRDA:81,6,0,0
BRDA:81,6,1,0
BRDA:95,7,0,0
BRDA:95,7,1,0
BRDA:100,8,0,0
BRDA:100,8,1,0
BRDA:127,9,0,0
BRDA:127,9,1,0
BRDA:164,10,0,0
BRDA:164,10,1,0
BRDA:181,11,0,0
BRDA:181,11,1,0
BRDA:199,12,0,0
BRDA:219,13,0,0
BRDA:219,13,1,0
BRDA:226,14,0,0
BRDA:226,14,1,0
BRF:24
BRH:0
end_of_record
TN:
SF:/Users/gxs/Workspaces/xchanming/cicada/src/Storefront/Resources/app/storefront/src/utility/timezone/timezone.util.js
FN:13,(anonymous_0)
FNF:1
FNH:0
FNDA:0,(anonymous_0)
DA:1,0
DA:14,0
DA:15,0
DA:18,0
LF:4
LH:0
BRDA:14,0,0,0
BRDA:14,0,1,0
BRF:2
BRH:0
end_of_record
